<?xml version="1.0" encoding="UTF-8"?>
<!-- Generated by org.testng.reporters.JUnitXMLReporter -->
<testsuite hostname="DESKTOP-0JEVNSK" ignored="0" name="Default test" tests="6" failures="0" timestamp="30 May 2017 19:47:38 GMT" time="23.073" errors="0">
  <testcase name="statusLinks" time="4.3" classname="localhost.testing.BasicNavigation"/>
  <testcase name="configurationLinks" time="5.121" classname="localhost.testing.BasicNavigation"/>
  <testcase name="overrideLinks" time="3.232" classname="localhost.testing.BasicNavigation"/>
  <testcase name="scheduleLinks" time="2.389" classname="localhost.testing.BasicNavigation"/>
  <testcase name="groupsLinks" time="1.502" classname="localhost.testing.BasicNavigation"/>
  <testcase name="scenelistsLinks" time="0.898" classname="localhost.testing.BasicNavigation"/>
</testsuite> <!-- Default test -->
