<?xml version="1.0" encoding="UTF-8"?>
<!-- Generated by org.testng.reporters.JUnitXMLReporter -->
<testsuite hostname="DESKTOP-0JEVNSK" ignored="0" name="Test" tests="6" failures="0" timestamp="30 May 2017 20:21:06 GMT" time="23.084" errors="0">
  <testcase name="statusLinks" time="4.311" classname="localhost.testing.BasicNavigation"/>
  <testcase name="configurationLinks" time="5.007" classname="localhost.testing.BasicNavigation"/>
  <testcase name="overrideLinks" time="3.469" classname="localhost.testing.BasicNavigation"/>
  <testcase name="scheduleLinks" time="2.332" classname="localhost.testing.BasicNavigation"/>
  <testcase name="groupsLinks" time="1.42" classname="localhost.testing.BasicNavigation"/>
  <testcase name="scenelistsLinks" time="0.934" classname="localhost.testing.BasicNavigation"/>
</testsuite> <!-- Test -->
