<?xml version="1.0" encoding="UTF-8"?>
<!-- Generated by org.testng.reporters.JUnitXMLReporter -->
<testsuite hostname="DESKTOP-0JEVNSK" ignored="0" name="Test" tests="6" failures="0" timestamp="05 Jun 2017 16:44:09 GMT" time="35.2" errors="0">
  <testcase name="statusLinks" time="5.8" classname="localhost.testing.BasicNavigation"/>
  <testcase name="configurationLinks" time="6.547" classname="localhost.testing.BasicNavigation"/>
  <testcase name="overrideLinks" time="8.012" classname="localhost.testing.BasicNavigation"/>
  <testcase name="scheduleLinks" time="3.772" classname="localhost.testing.BasicNavigation"/>
  <testcase name="groupsLinks" time="1.963" classname="localhost.testing.BasicNavigation"/>
  <testcase name="scenelistsLinks" time="1.374" classname="localhost.testing.BasicNavigation"/>
</testsuite> <!-- Test -->
