<?xml version="1.0" encoding="UTF-8"?>
<!-- Generated by org.testng.reporters.JUnitXMLReporter -->
<testsuite hostname="DESKTOP-0JEVNSK" ignored="0" name="Test" tests="6" failures="0" timestamp="05 Jun 2017 17:08:22 GMT" time="31.987" errors="0">
  <testcase name="statusLinks" time="5.857" classname="localhost.testing.BasicNavigation"/>
  <testcase name="configurationLinks" time="5.748" classname="localhost.testing.BasicNavigation"/>
  <testcase name="overrideLinks" time="6.891" classname="localhost.testing.BasicNavigation"/>
  <testcase name="scheduleLinks" time="3.721" classname="localhost.testing.BasicNavigation"/>
  <testcase name="groupsLinks" time="2.037" classname="localhost.testing.BasicNavigation"/>
  <testcase name="scenelistsLinks" time="1.375" classname="localhost.testing.BasicNavigation"/>
</testsuite> <!-- Test -->
