<?xml version="1.0" encoding="UTF-8"?>
<!-- Generated by org.testng.reporters.JUnitXMLReporter -->
<testsuite hostname="DESKTOP-0JEVNSK" ignored="0" name="Test" tests="6" failures="0" timestamp="30 May 2017 20:46:45 GMT" time="23.96" errors="0">
  <testcase name="statusLinks" time="4.57" classname="localhost.testing.BasicNavigation"/>
  <testcase name="configurationLinks" time="5.391" classname="localhost.testing.BasicNavigation"/>
  <testcase name="overrideLinks" time="3.475" classname="localhost.testing.BasicNavigation"/>
  <testcase name="scheduleLinks" time="2.47" classname="localhost.testing.BasicNavigation"/>
  <testcase name="groupsLinks" time="1.463" classname="localhost.testing.BasicNavigation"/>
  <testcase name="scenelistsLinks" time="0.909" classname="localhost.testing.BasicNavigation"/>
</testsuite> <!-- Test -->
