<?xml version="1.0" encoding="UTF-8"?>
<!-- Generated by org.testng.reporters.JUnitXMLReporter -->
<testsuite hostname="DESKTOP-0JEVNSK" ignored="0" name="Basic Navigation" tests="6" failures="0" timestamp="13 Jul 2017 19:57:05 GMT" time="25.612" errors="0">
  <testcase name="statusLinks" time="5.111" classname="localhost.testing.BasicNavigation"/>
  <testcase name="configurationLinks" time="5.551" classname="localhost.testing.BasicNavigation"/>
  <testcase name="overrideLinks" time="3.704" classname="localhost.testing.BasicNavigation"/>
  <testcase name="scheduleLinks" time="2.671" classname="localhost.testing.BasicNavigation"/>
  <testcase name="groupsLinks" time="1.676" classname="localhost.testing.BasicNavigation"/>
  <testcase name="scenelistsLinks" time="1.039" classname="localhost.testing.BasicNavigation"/>
</testsuite> <!-- Basic Navigation -->
