<?xml version="1.0" encoding="UTF-8"?>
<!-- Generated by org.testng.reporters.JUnitXMLReporter -->
<testsuite hostname="DESKTOP-0JEVNSK" ignored="0" name="Create Groups" tests="4" failures="0" timestamp="13 Jul 2017 19:58:28 GMT" time="30.357" errors="0">
  <testcase name="addWiredFixtures" time="4.602" classname="localhost.testing.CreateGroups"/>
  <testcase name="createAllGroups" time="11.012" classname="localhost.testing.CreateGroups"/>
  <testcase name="clearAllGroups" time="7.09" classname="localhost.testing.CreateGroups"/>
  <testcase name="deleteAllFixtures" time="2.728" classname="localhost.testing.CreateGroups"/>
</testsuite> <!-- Create Groups -->
