<?xml version="1.0" encoding="UTF-8"?>
<!-- Generated by org.testng.reporters.JUnitXMLReporter -->
<testsuite hostname="DESKTOP-0JEVNSK" ignored="0" name="Create Scenes" tests="4" failures="0" timestamp="13 Jul 2017 19:58:58 GMT" time="29.942" errors="0">
  <testcase name="addWiredFixtures" time="4.534" classname="localhost.testing.CreateScenes"/>
  <testcase name="createAllScenes" time="11.134" classname="localhost.testing.CreateScenes"/>
  <testcase name="clearAllScenes" time="6.509" classname="localhost.testing.CreateScenes"/>
  <testcase name="deleteAllFixtures" time="3.085" classname="localhost.testing.CreateScenes"/>
</testsuite> <!-- Create Scenes -->
