<?xml version="1.0" encoding="UTF-8"?>
<!-- Generated by org.testng.reporters.JUnitXMLReporter -->
<testsuite hostname="DESKTOP-0JEVNSK" ignored="0" name="Max Outputs" tests="6" failures="0" timestamp="13 Jul 2017 19:57:41 GMT" time="36.109" errors="0">
  <testcase name="addWirelessDevices" time="3.76" classname="localhost.testing.MaxOutputs"/>
  <testcase name="addWiredFixtures" time="4.841" classname="localhost.testing.MaxOutputs"/>
  <testcase name="addWirelessFixtures" time="5.565" classname="localhost.testing.MaxOutputs"/>
  <testcase name="checkOutputs" time="3.709" classname="localhost.testing.MaxOutputs"/>
  <testcase name="deleteAllFixtures" time="10.724" classname="localhost.testing.MaxOutputs"/>
  <testcase name="deleteAllDevices" time="2.825" classname="localhost.testing.MaxOutputs"/>
</testsuite> <!-- Max Outputs -->
