<?xml version="1.0" encoding="UTF-8"?>
<!-- Generated by org.testng.reporters.JUnitXMLReporter -->
<testsuite hostname="DESKTOP-0JEVNSK" ignored="0" name="Multiple Inputs" tests="5" failures="0" timestamp="13 Jul 2017 19:57:58 GMT" time="16.485" errors="0">
  <testcase name="createGroupAll" time="1.065" classname="localhost.testing.MultiInputs"/>
  <testcase name="addWetDryContacts" time="4.945" classname="localhost.testing.MultiInputs"/>
  <testcase name="checkInputs" time="2.288" classname="localhost.testing.MultiInputs"/>
  <testcase name="clearInputs" time="1.669" classname="localhost.testing.MultiInputs"/>
  <testcase name="clearGroupAll" time="1.752" classname="localhost.testing.MultiInputs"/>
</testsuite> <!-- Multiple Inputs -->
