<?xml version="1.0" encoding="UTF-8"?>
<!-- Generated by org.testng.reporters.JUnitXMLReporter -->
<testsuite hostname="DESKTOP-0JEVNSK" ignored="0" name="WallStation" tests="9" failures="0" timestamp="13 Jul 2017 20:00:26 GMT" time="45.327" errors="0">
  <testcase name="addWiredFixtures" time="3.305" classname="localhost.testing.WallStation"/>
  <testcase name="createAllScenes" time="9.077" classname="localhost.testing.WallStation"/>
  <testcase name="createAllGroups" time="4.028" classname="localhost.testing.WallStation"/>
  <testcase name="checkScenes" time="2.51" classname="localhost.testing.WallStation"/>
  <testcase name="checkGroups" time="4.997" classname="localhost.testing.WallStation"/>
  <testcase name="checkFixtures" time="5.597" classname="localhost.testing.WallStation"/>
  <testcase name="deleteAllFixtures" time="2.232" classname="localhost.testing.WallStation"/>
  <testcase name="clearAllScenes" time="5.949" classname="localhost.testing.WallStation"/>
  <testcase name="clearAllGroups" time="2.934" classname="localhost.testing.WallStation"/>
</testsuite> <!-- WallStation -->
