<?xml version="1.0" encoding="UTF-8"?>
<testsuite xmlns:xsi="http://www.w3.org/2001/XMLSchema-instance" xsi:noNamespaceSchemaLocation="https://maven.apache.org/surefire/maven-surefire-plugin/xsd/surefire-test-report.xsd" name="TestSuite" time="98.221" tests="58" errors="0" skipped="0" failures="15">
  <properties>
[...]
</properties>
  <testcase name="statusLinks" classname="localhost.testing.BasicNavigation" time="0.007">
    <failure type="java.lang.NullPointerException">java.lang.NullPointerException
	at localhost.testing.BasicNavigation.statusLinks(BasicNavigation.java:21)
</failure>
    <system-out><![CDATA[...
... TestNG 6.10 by Cédric Beust (cedric@beust.com)
...

Failed due to an unhandled Exception
]]></system-out>
    <system-err><![CDATA[Starting ChromeDriver 2.28.455520 (cc17746adff54984afff480136733114c6b3704b) on port 18357
Only local connections are allowed.
Nov 29, 2017 2:31:14 PM org.openqa.selenium.remote.ProtocolHandshake createSession
INFO: Detected dialect: OSS
org.openqa.selenium.WebDriverException: unknown error: cannot get automation extension
from unknown error: page could not be found: chrome-extension://aapnijgdinlhnhlmodcfapnahmbfebeb/_generated_background_page.html
  (Session info: chrome=62.0.3202.94)
  (Driver info: chromedriver=2.28.455520 (cc17746adff54984afff480136733114c6b3704b),platform=Windows NT 10.0.16299 x86_64) (WARNING: The server did not provide any stacktrace information)
Command duration or timeout: 10.04 seconds
Build info: version: '3.4.0', revision: 'unknown', time: 'unknown'
System info: host: 'DESKTOP-0JEVNSK', ip: '172.19.105.161', os.name: 'Windows 10', os.arch: 'amd64', os.version: '10.0', java.version: '1.8.0_131'
Driver info: org.openqa.selenium.chrome.ChromeDriver
Capabilities [{applicationCacheEnabled=false, rotatable=false, mobileEmulationEnabled=false, networkConnectionEnabled=false, chrome={chromedriverVersion=2.28.455520 (cc17746adff54984afff480136733114c6b3704b), userDataDir=C:\Users\Cronos\AppData\Local\Temp\scoped_dir9980_25355}, takesHeapSnapshot=true, pageLoadStrategy=normal, databaseEnabled=false, handlesAlerts=true, hasTouchScreen=false, version=62.0.3202.94, platform=XP, browserConnectionEnabled=false, nativeEvents=true, acceptSslCerts=true, locationContextEnabled=true, webStorageEnabled=true, browserName=chrome, takesScreenshot=true, javascriptEnabled=true, cssSelectorsEnabled=true, unexpectedAlertBehaviour=}]
Session ID: bd7cfae90077b622512a14879c553fa5
	at sun.reflect.NativeConstructorAccessorImpl.newInstance0(Native Method)
	at sun.reflect.NativeConstructorAccessorImpl.newInstance(NativeConstructorAccessorImpl.java:62)
	at sun.reflect.DelegatingConstructorAccessorImpl.newInstance(DelegatingConstructorAccessorImpl.java:45)
	at java.lang.reflect.Constructor.newInstance(Constructor.java:423)
	at org.openqa.selenium.remote.ErrorHandler.createThrowable(ErrorHandler.java:215)
	at org.openqa.selenium.remote.ErrorHandler.throwIfResponseFailed(ErrorHandler.java:167)
	at org.openqa.selenium.remote.RemoteWebDriver.execute(RemoteWebDriver.java:671)
	at org.openqa.selenium.remote.RemoteWebDriver$RemoteWebDriverOptions$RemoteWindow.setSize(RemoteWebDriver.java:890)
	at localhost.testing.Driver.buildDriver(Driver.java:19)
	at localhost.testing.BasicNavigation.setup(BasicNavigation.java:15)
	at sun.reflect.NativeMethodAccessorImpl.invoke0(Native Method)
	at sun.reflect.NativeMethodAccessorImpl.invoke(NativeMethodAccessorImpl.java:62)
	at sun.reflect.DelegatingMethodAccessorImpl.invoke(DelegatingMethodAccessorImpl.java:43)
	at java.lang.reflect.Method.invoke(Method.java:498)
	at org.testng.internal.MethodInvocationHelper.invokeMethod(MethodInvocationHelper.java:104)
	at org.testng.internal.Invoker.invokeConfigurationMethod(Invoker.java:515)
	at org.testng.internal.Invoker.invokeConfigurations(Invoker.java:217)
	at org.testng.internal.Invoker.invokeConfigurations(Invoker.java:144)
	at org.testng.TestRunner.beforeRun(TestRunner.java:634)
	at org.testng.TestRunner.run(TestRunner.java:602)
	at org.testng.SuiteRunner.runTest(SuiteRunner.java:387)
	at org.testng.SuiteRunner.runSequentially(SuiteRunner.java:382)
	at org.testng.SuiteRunner.privateRun(SuiteRunner.java:340)
	at org.testng.SuiteRunner.run(SuiteRunner.java:289)
	at org.testng.SuiteRunnerWorker.runSuite(SuiteRunnerWorker.java:52)
	at org.testng.SuiteRunnerWorker.run(SuiteRunnerWorker.java:86)
	at org.testng.TestNG.runSuitesSequentially(TestNG.java:1293)
	at org.testng.TestNG.runSuitesLocally(TestNG.java:1218)
	at org.testng.TestNG.runSuites(TestNG.java:1133)
	at org.testng.TestNG.run(TestNG.java:1104)
	at org.apache.maven.surefire.testng.TestNGExecutor.run(TestNGExecutor.java:283)
	at org.apache.maven.surefire.testng.TestNGXmlTestSuite.execute(TestNGXmlTestSuite.java:75)
	at org.apache.maven.surefire.testng.TestNGProvider.invoke(TestNGProvider.java:120)
	at org.apache.maven.surefire.booter.ForkedBooter.invokeProviderInSameClassLoader(ForkedBooter.java:386)
	at org.apache.maven.surefire.booter.ForkedBooter.runSuitesInProcess(ForkedBooter.java:323)
	at org.apache.maven.surefire.booter.ForkedBooter.main(ForkedBooter.java:143)
]]></system-err>
  </testcase>
  <testcase name="configurationLinks" classname="localhost.testing.BasicNavigation" time="0">
    <failure type="java.lang.NullPointerException">java.lang.NullPointerException
	at localhost.testing.BasicNavigation.configurationLinks(BasicNavigation.java:37)
</failure>
  </testcase>
  <testcase name="overrideLinks" classname="localhost.testing.BasicNavigation" time="0">
    <failure type="java.lang.NullPointerException">java.lang.NullPointerException
	at localhost.testing.BasicNavigation.overrideLinks(BasicNavigation.java:52)
</failure>
  </testcase>
  <testcase name="scheduleLinks" classname="localhost.testing.BasicNavigation" time="0">
    <failure type="java.lang.NullPointerException">java.lang.NullPointerException
	at localhost.testing.BasicNavigation.scheduleLinks(BasicNavigation.java:65)
</failure>
  </testcase>
  <testcase name="groupsLinks" classname="localhost.testing.BasicNavigation" time="0.001">
    <failure type="java.lang.NullPointerException">java.lang.NullPointerException
	at localhost.testing.BasicNavigation.groupsLinks(BasicNavigation.java:76)
</failure>
  </testcase>
  <testcase name="scenelistsLinks" classname="localhost.testing.BasicNavigation" time="0">
    <failure type="java.lang.NullPointerException">java.lang.NullPointerException
	at localhost.testing.BasicNavigation.scenelistsLinks(BasicNavigation.java:85)
</failure>
  </testcase>
  <testcase name="closeBrowser" classname="localhost.testing.BasicNavigation" time="0">
    <failure type="java.lang.NullPointerException">java.lang.NullPointerException
	at localhost.testing.BasicNavigation.closeBrowser(BasicNavigation.java:92)
</failure>
  </testcase>
  <testcase name="addWirelessDevices" classname="localhost.testing.MaxOutputs" time="0.001"/>
  <testcase name="addWiredFixtures" classname="localhost.testing.MaxOutputs" time="0.001"/>
  <testcase name="addWirelessFixtures" classname="localhost.testing.MaxOutputs" time="0.001"/>
  <testcase name="checkOutputs" classname="localhost.testing.MaxOutputs" time="0.001"/>
  <testcase name="deleteAllFixtures" classname="localhost.testing.MaxOutputs" time="0.004"/>
  <testcase name="deleteAllDevices" classname="localhost.testing.MaxOutputs" time="0.001"/>
  <testcase name="closeBrowser" classname="localhost.testing.MaxOutputs" time="0.001">
    <failure type="java.lang.NullPointerException">java.lang.NullPointerException
	at localhost.testing.MaxOutputs.closeBrowser(MaxOutputs.java:310)
</failure>
  </testcase>
  <testcase name="createGroupAll" classname="localhost.testing.MultiInputs" time="0.001"/>
  <testcase name="addWetDryContacts" classname="localhost.testing.MultiInputs" time="1"/>
  <testcase name="checkInputs" classname="localhost.testing.MultiInputs" time="0.251"/>
  <testcase name="clearInputs" classname="localhost.testing.MultiInputs" time="0.001"/>
  <testcase name="clearGroupAll" classname="localhost.testing.MultiInputs" time="0.001"/>
  <testcase name="closeBrowser" classname="localhost.testing.MultiInputs" time="0.001">
    <failure type="java.lang.NullPointerException">java.lang.NullPointerException
	at localhost.testing.MultiInputs.closeBrowser(MultiInputs.java:195)
</failure>
  </testcase>
  <testcase name="addWiredFixtures" classname="localhost.testing.CreateGroups" time="0"/>
  <testcase name="createAllGroups" classname="localhost.testing.CreateGroups" time="0.004"/>
  <testcase name="clearAllGroups" classname="localhost.testing.CreateGroups" time="0.001"/>
  <testcase name="deleteAllFixtures" classname="localhost.testing.CreateGroups" time="0"/>
  <testcase name="closeBrowser" classname="localhost.testing.CreateGroups" time="0.001">
    <failure type="java.lang.NullPointerException">java.lang.NullPointerException
	at localhost.testing.CreateGroups.closeBrowser(CreateGroups.java:205)
</failure>
  </testcase>
  <testcase name="addWiredFixtures" classname="localhost.testing.CreateScenes" time="0.001"/>
  <testcase name="createAllScenes" classname="localhost.testing.CreateScenes" time="0.002"/>
  <testcase name="clearAllScenes" classname="localhost.testing.CreateScenes" time="0.001"/>
  <testcase name="deleteAllFixtures" classname="localhost.testing.CreateScenes" time="0.001"/>
  <testcase name="closeBrowser" classname="localhost.testing.CreateScenes" time="0.001">
    <failure type="java.lang.NullPointerException">java.lang.NullPointerException
	at localhost.testing.CreateScenes.closeBrowser(CreateScenes.java:216)
</failure>
  </testcase>
  <testcase name="addWiredFixtures" classname="localhost.testing.MultiOutputs" time="0"/>
  <testcase name="checkAllFixtures" classname="localhost.testing.MultiOutputs" time="0.001"/>
  <testcase name="changeFixtureIcon" classname="localhost.testing.MultiOutputs" time="0.001"/>
  <testcase name="deleteAllFixtures" classname="localhost.testing.MultiOutputs" time="0.006"/>
  <testcase name="closeBrowser" classname="localhost.testing.MultiOutputs" time="0.007">
    <failure type="java.lang.NullPointerException">java.lang.NullPointerException
	at localhost.testing.MultiOutputs.closeBrowser(MultiOutputs.java:342)
</failure>
  </testcase>
  <testcase name="deleteItems" classname="localhost.testing.CreateSchedule" time="0.001"/>
  <testcase name="closeBrowser" classname="localhost.testing.CreateSchedule" time="0.001">
    <failure type="java.lang.NullPointerException">java.lang.NullPointerException
	at localhost.testing.CreateSchedule.closeBrowser(CreateSchedule.java:202)
</failure>
  </testcase>
  <testcase name="siteZip" classname="localhost.testing.ErrorValidation" time="0.001"/>
  <testcase name="siteLat" classname="localhost.testing.ErrorValidation" time="0.001"/>
  <testcase name="siteLong" classname="localhost.testing.ErrorValidation" time="0"/>
  <testcase name="nodeName" classname="localhost.testing.ErrorValidation" time="0"/>
  <testcase name="fixtureName" classname="localhost.testing.ErrorValidation" time="0.001"/>
  <testcase name="contactinputName" classname="localhost.testing.ErrorValidation" time="0"/>
  <testcase name="levelinputName" classname="localhost.testing.ErrorValidation" time="0.001"/>
  <testcase name="sceneName" classname="localhost.testing.ErrorValidation" time="0.001"/>
  <testcase name="groupName" classname="localhost.testing.ErrorValidation" time="0"/>
  <testcase name="scenelistName" classname="localhost.testing.ErrorValidation" time="0.001"/>
  <testcase name="closeBrowser" classname="localhost.testing.ErrorValidation" time="0.001">
    <failure type="java.lang.NullPointerException">java.lang.NullPointerException
	at localhost.testing.ErrorValidation.closeBrowser(ErrorValidation.java:594)
</failure>
  </testcase>
  <testcase name="addWiredFixtures" classname="localhost.testing.WallStation" time="0"/>
  <testcase name="createAllScenes" classname="localhost.testing.WallStation" time="0"/>
  <testcase name="createAllGroups" classname="localhost.testing.WallStation" time="0"/>
  <testcase name="checkScenes" classname="localhost.testing.WallStation" time="0.001"/>
  <testcase name="checkGroups" classname="localhost.testing.WallStation" time="0.001"/>
  <testcase name="checkFixtures" classname="localhost.testing.WallStation" time="0.001"/>
  <testcase name="deleteAllFixtures" classname="localhost.testing.WallStation" time="0"/>
  <testcase name="clearAllScenes" classname="localhost.testing.WallStation" time="0.001"/>
  <testcase name="clearAllGroups" classname="localhost.testing.WallStation" time="0.001"/>
  <testcase name="closeBrowser" classname="localhost.testing.WallStation" time="0.001">
    <failure type="java.lang.NullPointerException">java.lang.NullPointerException
	at localhost.testing.WallStation.closeBrowser(WallStation.java:520)
</failure>
  </testcase>
</testsuite>