<?xml version="1.0" encoding="UTF-8"?>
<testng-results skipped="0" failed="6" ignored="0" total="49" passed="43">
  <reporter-output>
  </reporter-output>
  <suite name="rPDG UI Suite" duration-ms="97656" started-at="2017-11-29T22:31:11Z" finished-at="2017-11-29T22:32:49Z">
    <groups>
    </groups>
    <test name="Basic Navigation" duration-ms="12683" started-at="2017-11-29T22:31:11Z" finished-at="2017-11-29T22:31:24Z">
      <class name="localhost.testing.BasicNavigation">
        <test-method status="PASS" signature="setup()[pri:0, instance:localhost.testing.BasicNavigation@dfd3711]" name="setup" is-config="true" duration-ms="12664" started-at="2017-11-29T14:31:11Z" finished-at="2017-11-29T14:31:24Z">
          <reporter-output>
          </reporter-output>
        </test-method> <!-- setup -->
        <test-method status="FAIL" signature="statusLinks()[pri:0, instance:localhost.testing.BasicNavigation@dfd3711]" name="statusLinks" duration-ms="2" started-at="2017-11-29T14:31:24Z" finished-at="2017-11-29T14:31:24Z">
          <exception class="java.lang.NullPointerException">
            <full-stacktrace>
              <![CDATA[java.lang.NullPointerException
	at localhost.testing.BasicNavigation.statusLinks(BasicNavigation.java:21)
	at sun.reflect.NativeMethodAccessorImpl.invoke0(Native Method)
	at sun.reflect.NativeMethodAccessorImpl.invoke(NativeMethodAccessorImpl.java:62)
	at sun.reflect.DelegatingMethodAccessorImpl.invoke(DelegatingMethodAccessorImpl.java:43)
	at java.lang.reflect.Method.invoke(Method.java:498)
	at org.testng.internal.MethodInvocationHelper.invokeMethod(MethodInvocationHelper.java:104)
	at org.testng.internal.Invoker.invokeMethod(Invoker.java:645)
	at org.testng.internal.Invoker.invokeTestMethod(Invoker.java:851)
	at org.testng.internal.Invoker.invokeTestMethods(Invoker.java:1177)
	at org.testng.internal.TestMethodWorker.invokeTestMethods(TestMethodWorker.java:129)
	at org.testng.internal.TestMethodWorker.run(TestMethodWorker.java:112)
	at org.testng.TestRunner.privateRun(TestRunner.java:756)
	at org.testng.TestRunner.run(TestRunner.java:610)
	at org.testng.SuiteRunner.runTest(SuiteRunner.java:387)
	at org.testng.SuiteRunner.runSequentially(SuiteRunner.java:382)
	at org.testng.SuiteRunner.privateRun(SuiteRunner.java:340)
	at org.testng.SuiteRunner.run(SuiteRunner.java:289)
	at org.testng.SuiteRunnerWorker.runSuite(SuiteRunnerWorker.java:52)
	at org.testng.SuiteRunnerWorker.run(SuiteRunnerWorker.java:86)
	at org.testng.TestNG.runSuitesSequentially(TestNG.java:1293)
	at org.testng.TestNG.runSuitesLocally(TestNG.java:1218)
	at org.testng.TestNG.runSuites(TestNG.java:1133)
	at org.testng.TestNG.run(TestNG.java:1104)
	at org.apache.maven.surefire.testng.TestNGExecutor.run(TestNGExecutor.java:283)
	at org.apache.maven.surefire.testng.TestNGXmlTestSuite.execute(TestNGXmlTestSuite.java:75)
	at org.apache.maven.surefire.testng.TestNGProvider.invoke(TestNGProvider.java:120)
	at org.apache.maven.surefire.booter.ForkedBooter.invokeProviderInSameClassLoader(ForkedBooter.java:386)
	at org.apache.maven.surefire.booter.ForkedBooter.runSuitesInProcess(ForkedBooter.java:323)
	at org.apache.maven.surefire.booter.ForkedBooter.main(ForkedBooter.java:143)
]]>
            </full-stacktrace>
          </exception> <!-- java.lang.NullPointerException -->
          <reporter-output>
          </reporter-output>
        </test-method> <!-- statusLinks -->
        <test-method status="FAIL" signature="configurationLinks()[pri:1, instance:localhost.testing.BasicNavigation@dfd3711]" name="configurationLinks" duration-ms="0" started-at="2017-11-29T14:31:24Z" finished-at="2017-11-29T14:31:24Z">
          <exception class="java.lang.NullPointerException">
            <full-stacktrace>
              <![CDATA[java.lang.NullPointerException
	at localhost.testing.BasicNavigation.configurationLinks(BasicNavigation.java:37)
	at sun.reflect.NativeMethodAccessorImpl.invoke0(Native Method)
	at sun.reflect.NativeMethodAccessorImpl.invoke(NativeMethodAccessorImpl.java:62)
	at sun.reflect.DelegatingMethodAccessorImpl.invoke(DelegatingMethodAccessorImpl.java:43)
	at java.lang.reflect.Method.invoke(Method.java:498)
	at org.testng.internal.MethodInvocationHelper.invokeMethod(MethodInvocationHelper.java:104)
	at org.testng.internal.Invoker.invokeMethod(Invoker.java:645)
	at org.testng.internal.Invoker.invokeTestMethod(Invoker.java:851)
	at org.testng.internal.Invoker.invokeTestMethods(Invoker.java:1177)
	at org.testng.internal.TestMethodWorker.invokeTestMethods(TestMethodWorker.java:129)
	at org.testng.internal.TestMethodWorker.run(TestMethodWorker.java:112)
	at org.testng.TestRunner.privateRun(TestRunner.java:756)
	at org.testng.TestRunner.run(TestRunner.java:610)
	at org.testng.SuiteRunner.runTest(SuiteRunner.java:387)
	at org.testng.SuiteRunner.runSequentially(SuiteRunner.java:382)
	at org.testng.SuiteRunner.privateRun(SuiteRunner.java:340)
	at org.testng.SuiteRunner.run(SuiteRunner.java:289)
	at org.testng.SuiteRunnerWorker.runSuite(SuiteRunnerWorker.java:52)
	at org.testng.SuiteRunnerWorker.run(SuiteRunnerWorker.java:86)
	at org.testng.TestNG.runSuitesSequentially(TestNG.java:1293)
	at org.testng.TestNG.runSuitesLocally(TestNG.java:1218)
	at org.testng.TestNG.runSuites(TestNG.java:1133)
	at org.testng.TestNG.run(TestNG.java:1104)
	at org.apache.maven.surefire.testng.TestNGExecutor.run(TestNGExecutor.java:283)
	at org.apache.maven.surefire.testng.TestNGXmlTestSuite.execute(TestNGXmlTestSuite.java:75)
	at org.apache.maven.surefire.testng.TestNGProvider.invoke(TestNGProvider.java:120)
	at org.apache.maven.surefire.booter.ForkedBooter.invokeProviderInSameClassLoader(ForkedBooter.java:386)
	at org.apache.maven.surefire.booter.ForkedBooter.runSuitesInProcess(ForkedBooter.java:323)
	at org.apache.maven.surefire.booter.ForkedBooter.main(ForkedBooter.java:143)
]]>
            </full-stacktrace>
          </exception> <!-- java.lang.NullPointerException -->
          <reporter-output>
          </reporter-output>
        </test-method> <!-- configurationLinks -->
        <test-method status="FAIL" signature="overrideLinks()[pri:2, instance:localhost.testing.BasicNavigation@dfd3711]" name="overrideLinks" duration-ms="1" started-at="2017-11-29T14:31:24Z" finished-at="2017-11-29T14:31:24Z">
          <exception class="java.lang.NullPointerException">
            <full-stacktrace>
              <![CDATA[java.lang.NullPointerException
	at localhost.testing.BasicNavigation.overrideLinks(BasicNavigation.java:52)
	at sun.reflect.NativeMethodAccessorImpl.invoke0(Native Method)
	at sun.reflect.NativeMethodAccessorImpl.invoke(NativeMethodAccessorImpl.java:62)
	at sun.reflect.DelegatingMethodAccessorImpl.invoke(DelegatingMethodAccessorImpl.java:43)
	at java.lang.reflect.Method.invoke(Method.java:498)
	at org.testng.internal.MethodInvocationHelper.invokeMethod(MethodInvocationHelper.java:104)
	at org.testng.internal.Invoker.invokeMethod(Invoker.java:645)
	at org.testng.internal.Invoker.invokeTestMethod(Invoker.java:851)
	at org.testng.internal.Invoker.invokeTestMethods(Invoker.java:1177)
	at org.testng.internal.TestMethodWorker.invokeTestMethods(TestMethodWorker.java:129)
	at org.testng.internal.TestMethodWorker.run(TestMethodWorker.java:112)
	at org.testng.TestRunner.privateRun(TestRunner.java:756)
	at org.testng.TestRunner.run(TestRunner.java:610)
	at org.testng.SuiteRunner.runTest(SuiteRunner.java:387)
	at org.testng.SuiteRunner.runSequentially(SuiteRunner.java:382)
	at org.testng.SuiteRunner.privateRun(SuiteRunner.java:340)
	at org.testng.SuiteRunner.run(SuiteRunner.java:289)
	at org.testng.SuiteRunnerWorker.runSuite(SuiteRunnerWorker.java:52)
	at org.testng.SuiteRunnerWorker.run(SuiteRunnerWorker.java:86)
	at org.testng.TestNG.runSuitesSequentially(TestNG.java:1293)
	at org.testng.TestNG.runSuitesLocally(TestNG.java:1218)
	at org.testng.TestNG.runSuites(TestNG.java:1133)
	at org.testng.TestNG.run(TestNG.java:1104)
	at org.apache.maven.surefire.testng.TestNGExecutor.run(TestNGExecutor.java:283)
	at org.apache.maven.surefire.testng.TestNGXmlTestSuite.execute(TestNGXmlTestSuite.java:75)
	at org.apache.maven.surefire.testng.TestNGProvider.invoke(TestNGProvider.java:120)
	at org.apache.maven.surefire.booter.ForkedBooter.invokeProviderInSameClassLoader(ForkedBooter.java:386)
	at org.apache.maven.surefire.booter.ForkedBooter.runSuitesInProcess(ForkedBooter.java:323)
	at org.apache.maven.surefire.booter.ForkedBooter.main(ForkedBooter.java:143)
]]>
            </full-stacktrace>
          </exception> <!-- java.lang.NullPointerException -->
          <reporter-output>
          </reporter-output>
        </test-method> <!-- overrideLinks -->
        <test-method status="FAIL" signature="groupsLinks()[pri:4, instance:localhost.testing.BasicNavigation@dfd3711]" name="groupsLinks" duration-ms="0" started-at="2017-11-29T14:31:24Z" finished-at="2017-11-29T14:31:24Z">
          <exception class="java.lang.NullPointerException">
            <full-stacktrace>
              <![CDATA[java.lang.NullPointerException
	at localhost.testing.BasicNavigation.groupsLinks(BasicNavigation.java:76)
	at sun.reflect.NativeMethodAccessorImpl.invoke0(Native Method)
	at sun.reflect.NativeMethodAccessorImpl.invoke(NativeMethodAccessorImpl.java:62)
	at sun.reflect.DelegatingMethodAccessorImpl.invoke(DelegatingMethodAccessorImpl.java:43)
	at java.lang.reflect.Method.invoke(Method.java:498)
	at org.testng.internal.MethodInvocationHelper.invokeMethod(MethodInvocationHelper.java:104)
	at org.testng.internal.Invoker.invokeMethod(Invoker.java:645)
	at org.testng.internal.Invoker.invokeTestMethod(Invoker.java:851)
	at org.testng.internal.Invoker.invokeTestMethods(Invoker.java:1177)
	at org.testng.internal.TestMethodWorker.invokeTestMethods(TestMethodWorker.java:129)
	at org.testng.internal.TestMethodWorker.run(TestMethodWorker.java:112)
	at org.testng.TestRunner.privateRun(TestRunner.java:756)
	at org.testng.TestRunner.run(TestRunner.java:610)
	at org.testng.SuiteRunner.runTest(SuiteRunner.java:387)
	at org.testng.SuiteRunner.runSequentially(SuiteRunner.java:382)
	at org.testng.SuiteRunner.privateRun(SuiteRunner.java:340)
	at org.testng.SuiteRunner.run(SuiteRunner.java:289)
	at org.testng.SuiteRunnerWorker.runSuite(SuiteRunnerWorker.java:52)
	at org.testng.SuiteRunnerWorker.run(SuiteRunnerWorker.java:86)
	at org.testng.TestNG.runSuitesSequentially(TestNG.java:1293)
	at org.testng.TestNG.runSuitesLocally(TestNG.java:1218)
	at org.testng.TestNG.runSuites(TestNG.java:1133)
	at org.testng.TestNG.run(TestNG.java:1104)
	at org.apache.maven.surefire.testng.TestNGExecutor.run(TestNGExecutor.java:283)
	at org.apache.maven.surefire.testng.TestNGXmlTestSuite.execute(TestNGXmlTestSuite.java:75)
	at org.apache.maven.surefire.testng.TestNGProvider.invoke(TestNGProvider.java:120)
	at org.apache.maven.surefire.booter.ForkedBooter.invokeProviderInSameClassLoader(ForkedBooter.java:386)
	at org.apache.maven.surefire.booter.ForkedBooter.runSuitesInProcess(ForkedBooter.java:323)
	at org.apache.maven.surefire.booter.ForkedBooter.main(ForkedBooter.java:143)
]]>
            </full-stacktrace>
          </exception> <!-- java.lang.NullPointerException -->
          <reporter-output>
          </reporter-output>
        </test-method> <!-- groupsLinks -->
        <test-method status="FAIL" signature="scheduleLinks()[pri:3, instance:localhost.testing.BasicNavigation@dfd3711]" name="scheduleLinks" duration-ms="0" started-at="2017-11-29T14:31:24Z" finished-at="2017-11-29T14:31:24Z">
          <exception class="java.lang.NullPointerException">
            <full-stacktrace>
              <![CDATA[java.lang.NullPointerException
	at localhost.testing.BasicNavigation.scheduleLinks(BasicNavigation.java:65)
	at sun.reflect.NativeMethodAccessorImpl.invoke0(Native Method)
	at sun.reflect.NativeMethodAccessorImpl.invoke(NativeMethodAccessorImpl.java:62)
	at sun.reflect.DelegatingMethodAccessorImpl.invoke(DelegatingMethodAccessorImpl.java:43)
	at java.lang.reflect.Method.invoke(Method.java:498)
	at org.testng.internal.MethodInvocationHelper.invokeMethod(MethodInvocationHelper.java:104)
	at org.testng.internal.Invoker.invokeMethod(Invoker.java:645)
	at org.testng.internal.Invoker.invokeTestMethod(Invoker.java:851)
	at org.testng.internal.Invoker.invokeTestMethods(Invoker.java:1177)
	at org.testng.internal.TestMethodWorker.invokeTestMethods(TestMethodWorker.java:129)
	at org.testng.internal.TestMethodWorker.run(TestMethodWorker.java:112)
	at org.testng.TestRunner.privateRun(TestRunner.java:756)
	at org.testng.TestRunner.run(TestRunner.java:610)
	at org.testng.SuiteRunner.runTest(SuiteRunner.java:387)
	at org.testng.SuiteRunner.runSequentially(SuiteRunner.java:382)
	at org.testng.SuiteRunner.privateRun(SuiteRunner.java:340)
	at org.testng.SuiteRunner.run(SuiteRunner.java:289)
	at org.testng.SuiteRunnerWorker.runSuite(SuiteRunnerWorker.java:52)
	at org.testng.SuiteRunnerWorker.run(SuiteRunnerWorker.java:86)
	at org.testng.TestNG.runSuitesSequentially(TestNG.java:1293)
	at org.testng.TestNG.runSuitesLocally(TestNG.java:1218)
	at org.testng.TestNG.runSuites(TestNG.java:1133)
	at org.testng.TestNG.run(TestNG.java:1104)
	at org.apache.maven.surefire.testng.TestNGExecutor.run(TestNGExecutor.java:283)
	at org.apache.maven.surefire.testng.TestNGXmlTestSuite.execute(TestNGXmlTestSuite.java:75)
	at org.apache.maven.surefire.testng.TestNGProvider.invoke(TestNGProvider.java:120)
	at org.apache.maven.surefire.booter.ForkedBooter.invokeProviderInSameClassLoader(ForkedBooter.java:386)
	at org.apache.maven.surefire.booter.ForkedBooter.runSuitesInProcess(ForkedBooter.java:323)
	at org.apache.maven.surefire.booter.ForkedBooter.main(ForkedBooter.java:143)
]]>
            </full-stacktrace>
          </exception> <!-- java.lang.NullPointerException -->
          <reporter-output>
          </reporter-output>
        </test-method> <!-- scheduleLinks -->
        <test-method status="FAIL" signature="closeBrowser()[pri:0, instance:localhost.testing.BasicNavigation@dfd3711]" name="closeBrowser" is-config="true" duration-ms="0" started-at="2017-11-29T14:31:24Z" finished-at="2017-11-29T14:31:24Z">
          <exception class="java.lang.NullPointerException">
            <full-stacktrace>
              <![CDATA[java.lang.NullPointerException
	at localhost.testing.BasicNavigation.closeBrowser(BasicNavigation.java:92)
	at sun.reflect.NativeMethodAccessorImpl.invoke0(Native Method)
	at sun.reflect.NativeMethodAccessorImpl.invoke(NativeMethodAccessorImpl.java:62)
	at sun.reflect.DelegatingMethodAccessorImpl.invoke(DelegatingMethodAccessorImpl.java:43)
	at java.lang.reflect.Method.invoke(Method.java:498)
	at org.testng.internal.MethodInvocationHelper.invokeMethod(MethodInvocationHelper.java:104)
	at org.testng.internal.Invoker.invokeConfigurationMethod(Invoker.java:515)
	at org.testng.internal.Invoker.invokeConfigurations(Invoker.java:217)
	at org.testng.internal.Invoker.invokeConfigurations(Invoker.java:144)
	at org.testng.TestRunner.afterRun(TestRunner.java:983)
	at org.testng.TestRunner.run(TestRunner.java:614)
	at org.testng.SuiteRunner.runTest(SuiteRunner.java:387)
	at org.testng.SuiteRunner.runSequentially(SuiteRunner.java:382)
	at org.testng.SuiteRunner.privateRun(SuiteRunner.java:340)
	at org.testng.SuiteRunner.run(SuiteRunner.java:289)
	at org.testng.SuiteRunnerWorker.runSuite(SuiteRunnerWorker.java:52)
	at org.testng.SuiteRunnerWorker.run(SuiteRunnerWorker.java:86)
	at org.testng.TestNG.runSuitesSequentially(TestNG.java:1293)
	at org.testng.TestNG.runSuitesLocally(TestNG.java:1218)
	at org.testng.TestNG.runSuites(TestNG.java:1133)
	at org.testng.TestNG.run(TestNG.java:1104)
	at org.apache.maven.surefire.testng.TestNGExecutor.run(TestNGExecutor.java:283)
	at org.apache.maven.surefire.testng.TestNGXmlTestSuite.execute(TestNGXmlTestSuite.java:75)
	at org.apache.maven.surefire.testng.TestNGProvider.invoke(TestNGProvider.java:120)
	at org.apache.maven.surefire.booter.ForkedBooter.invokeProviderInSameClassLoader(ForkedBooter.java:386)
	at org.apache.maven.surefire.booter.ForkedBooter.runSuitesInProcess(ForkedBooter.java:323)
	at org.apache.maven.surefire.booter.ForkedBooter.main(ForkedBooter.java:143)
]]>
            </full-stacktrace>
          </exception> <!-- java.lang.NullPointerException -->
          <reporter-output>
          </reporter-output>
        </test-method> <!-- closeBrowser -->
        <test-method status="FAIL" signature="scenelistsLinks()[pri:5, instance:localhost.testing.BasicNavigation@dfd3711]" name="scenelistsLinks" duration-ms="0" started-at="2017-11-29T14:31:24Z" finished-at="2017-11-29T14:31:24Z">
          <exception class="java.lang.NullPointerException">
            <full-stacktrace>
              <![CDATA[java.lang.NullPointerException
	at localhost.testing.BasicNavigation.scenelistsLinks(BasicNavigation.java:85)
	at sun.reflect.NativeMethodAccessorImpl.invoke0(Native Method)
	at sun.reflect.NativeMethodAccessorImpl.invoke(NativeMethodAccessorImpl.java:62)
	at sun.reflect.DelegatingMethodAccessorImpl.invoke(DelegatingMethodAccessorImpl.java:43)
	at java.lang.reflect.Method.invoke(Method.java:498)
	at org.testng.internal.MethodInvocationHelper.invokeMethod(MethodInvocationHelper.java:104)
	at org.testng.internal.Invoker.invokeMethod(Invoker.java:645)
	at org.testng.internal.Invoker.invokeTestMethod(Invoker.java:851)
	at org.testng.internal.Invoker.invokeTestMethods(Invoker.java:1177)
	at org.testng.internal.TestMethodWorker.invokeTestMethods(TestMethodWorker.java:129)
	at org.testng.internal.TestMethodWorker.run(TestMethodWorker.java:112)
	at org.testng.TestRunner.privateRun(TestRunner.java:756)
	at org.testng.TestRunner.run(TestRunner.java:610)
	at org.testng.SuiteRunner.runTest(SuiteRunner.java:387)
	at org.testng.SuiteRunner.runSequentially(SuiteRunner.java:382)
	at org.testng.SuiteRunner.privateRun(SuiteRunner.java:340)
	at org.testng.SuiteRunner.run(SuiteRunner.java:289)
	at org.testng.SuiteRunnerWorker.runSuite(SuiteRunnerWorker.java:52)
	at org.testng.SuiteRunnerWorker.run(SuiteRunnerWorker.java:86)
	at org.testng.TestNG.runSuitesSequentially(TestNG.java:1293)
	at org.testng.TestNG.runSuitesLocally(TestNG.java:1218)
	at org.testng.TestNG.runSuites(TestNG.java:1133)
	at org.testng.TestNG.run(TestNG.java:1104)
	at org.apache.maven.surefire.testng.TestNGExecutor.run(TestNGExecutor.java:283)
	at org.apache.maven.surefire.testng.TestNGXmlTestSuite.execute(TestNGXmlTestSuite.java:75)
	at org.apache.maven.surefire.testng.TestNGProvider.invoke(TestNGProvider.java:120)
	at org.apache.maven.surefire.booter.ForkedBooter.invokeProviderInSameClassLoader(ForkedBooter.java:386)
	at org.apache.maven.surefire.booter.ForkedBooter.runSuitesInProcess(ForkedBooter.java:323)
	at org.apache.maven.surefire.booter.ForkedBooter.main(ForkedBooter.java:143)
]]>
            </full-stacktrace>
          </exception> <!-- java.lang.NullPointerException -->
          <reporter-output>
          </reporter-output>
        </test-method> <!-- scenelistsLinks -->
      </class> <!-- localhost.testing.BasicNavigation -->
    </test> <!-- Basic Navigation -->
    <test name="Max Outputs" duration-ms="11979" started-at="2017-11-29T22:31:24Z" finished-at="2017-11-29T22:31:36Z">
      <class name="localhost.testing.MaxOutputs">
        <test-method status="PASS" signature="setup()[pri:0, instance:localhost.testing.MaxOutputs@68837a77]" name="setup" is-config="true" duration-ms="11969" started-at="2017-11-29T14:31:24Z" finished-at="2017-11-29T14:31:36Z">
          <reporter-output>
          </reporter-output>
        </test-method> <!-- setup -->
        <test-method status="PASS" signature="addWirelessDevices()[pri:0, instance:localhost.testing.MaxOutputs@68837a77]" name="addWirelessDevices" duration-ms="1" started-at="2017-11-29T14:31:36Z" finished-at="2017-11-29T14:31:36Z">
          <reporter-output>
          </reporter-output>
        </test-method> <!-- addWirelessDevices -->
        <test-method status="PASS" signature="addWiredFixtures()[pri:1, instance:localhost.testing.MaxOutputs@68837a77]" name="addWiredFixtures" duration-ms="1" started-at="2017-11-29T14:31:36Z" finished-at="2017-11-29T14:31:36Z">
          <reporter-output>
          </reporter-output>
        </test-method> <!-- addWiredFixtures -->
        <test-method status="PASS" signature="addWirelessFixtures()[pri:2, instance:localhost.testing.MaxOutputs@68837a77]" name="addWirelessFixtures" duration-ms="1" started-at="2017-11-29T14:31:36Z" finished-at="2017-11-29T14:31:36Z">
          <reporter-output>
          </reporter-output>
        </test-method> <!-- addWirelessFixtures -->
        <test-method status="PASS" signature="checkOutputs()[pri:3, instance:localhost.testing.MaxOutputs@68837a77]" name="checkOutputs" duration-ms="1" started-at="2017-11-29T14:31:36Z" finished-at="2017-11-29T14:31:36Z">
          <reporter-output>
          </reporter-output>
        </test-method> <!-- checkOutputs -->
        <test-method status="PASS" signature="deleteAllFixtures()[pri:4, instance:localhost.testing.MaxOutputs@68837a77]" name="deleteAllFixtures" duration-ms="3" started-at="2017-11-29T14:31:36Z" finished-at="2017-11-29T14:31:36Z">
          <reporter-output>
          </reporter-output>
        </test-method> <!-- deleteAllFixtures -->
        <test-method status="FAIL" signature="closeBrowser()[pri:0, instance:localhost.testing.MaxOutputs@68837a77]" name="closeBrowser" is-config="true" duration-ms="0" started-at="2017-11-29T14:31:36Z" finished-at="2017-11-29T14:31:36Z">
          <exception class="java.lang.NullPointerException">
            <full-stacktrace>
              <![CDATA[java.lang.NullPointerException
	at localhost.testing.MaxOutputs.closeBrowser(MaxOutputs.java:310)
	at sun.reflect.NativeMethodAccessorImpl.invoke0(Native Method)
	at sun.reflect.NativeMethodAccessorImpl.invoke(NativeMethodAccessorImpl.java:62)
	at sun.reflect.DelegatingMethodAccessorImpl.invoke(DelegatingMethodAccessorImpl.java:43)
	at java.lang.reflect.Method.invoke(Method.java:498)
	at org.testng.internal.MethodInvocationHelper.invokeMethod(MethodInvocationHelper.java:104)
	at org.testng.internal.Invoker.invokeConfigurationMethod(Invoker.java:515)
	at org.testng.internal.Invoker.invokeConfigurations(Invoker.java:217)
	at org.testng.internal.Invoker.invokeConfigurations(Invoker.java:144)
	at org.testng.TestRunner.afterRun(TestRunner.java:983)
	at org.testng.TestRunner.run(TestRunner.java:614)
	at org.testng.SuiteRunner.runTest(SuiteRunner.java:387)
	at org.testng.SuiteRunner.runSequentially(SuiteRunner.java:382)
	at org.testng.SuiteRunner.privateRun(SuiteRunner.java:340)
	at org.testng.SuiteRunner.run(SuiteRunner.java:289)
	at org.testng.SuiteRunnerWorker.runSuite(SuiteRunnerWorker.java:52)
	at org.testng.SuiteRunnerWorker.run(SuiteRunnerWorker.java:86)
	at org.testng.TestNG.runSuitesSequentially(TestNG.java:1293)
	at org.testng.TestNG.runSuitesLocally(TestNG.java:1218)
	at org.testng.TestNG.runSuites(TestNG.java:1133)
	at org.testng.TestNG.run(TestNG.java:1104)
	at org.apache.maven.surefire.testng.TestNGExecutor.run(TestNGExecutor.java:283)
	at org.apache.maven.surefire.testng.TestNGXmlTestSuite.execute(TestNGXmlTestSuite.java:75)
	at org.apache.maven.surefire.testng.TestNGProvider.invoke(TestNGProvider.java:120)
	at org.apache.maven.surefire.booter.ForkedBooter.invokeProviderInSameClassLoader(ForkedBooter.java:386)
	at org.apache.maven.surefire.booter.ForkedBooter.runSuitesInProcess(ForkedBooter.java:323)
	at org.apache.maven.surefire.booter.ForkedBooter.main(ForkedBooter.java:143)
]]>
            </full-stacktrace>
          </exception> <!-- java.lang.NullPointerException -->
          <reporter-output>
          </reporter-output>
        </test-method> <!-- closeBrowser -->
        <test-method status="PASS" signature="deleteAllDevices()[pri:5, instance:localhost.testing.MaxOutputs@68837a77]" name="deleteAllDevices" duration-ms="0" started-at="2017-11-29T14:31:36Z" finished-at="2017-11-29T14:31:36Z">
          <reporter-output>
          </reporter-output>
        </test-method> <!-- deleteAllDevices -->
      </class> <!-- localhost.testing.MaxOutputs -->
    </test> <!-- Max Outputs -->
    <test name="Multiple Inputs" duration-ms="13207" started-at="2017-11-29T22:31:36Z" finished-at="2017-11-29T22:31:49Z">
      <class name="localhost.testing.MultiInputs">
        <test-method status="PASS" signature="setup()[pri:0, instance:localhost.testing.MultiInputs@15975490]" name="setup" is-config="true" duration-ms="11952" started-at="2017-11-29T14:31:36Z" finished-at="2017-11-29T14:31:48Z">
          <reporter-output>
          </reporter-output>
        </test-method> <!-- setup -->
        <test-method status="PASS" signature="createGroupAll()[pri:0, instance:localhost.testing.MultiInputs@15975490]" name="createGroupAll" duration-ms="0" started-at="2017-11-29T14:31:48Z" finished-at="2017-11-29T14:31:48Z">
          <reporter-output>
          </reporter-output>
        </test-method> <!-- createGroupAll -->
        <test-method status="PASS" signature="addWetDryContacts()[pri:1, instance:localhost.testing.MultiInputs@15975490]" name="addWetDryContacts" duration-ms="1000" started-at="2017-11-29T14:31:48Z" finished-at="2017-11-29T14:31:49Z">
          <reporter-output>
          </reporter-output>
        </test-method> <!-- addWetDryContacts -->
        <test-method status="PASS" signature="checkInputs()[pri:2, instance:localhost.testing.MultiInputs@15975490]" name="checkInputs" duration-ms="251" started-at="2017-11-29T14:31:49Z" finished-at="2017-11-29T14:31:49Z">
          <reporter-output>
          </reporter-output>
        </test-method> <!-- checkInputs -->
        <test-method status="PASS" signature="clearInputs()[pri:3, instance:localhost.testing.MultiInputs@15975490]" name="clearInputs" duration-ms="1" started-at="2017-11-29T14:31:49Z" finished-at="2017-11-29T14:31:49Z">
          <reporter-output>
          </reporter-output>
        </test-method> <!-- clearInputs -->
        <test-method status="PASS" signature="clearGroupAll()[pri:4, instance:localhost.testing.MultiInputs@15975490]" name="clearGroupAll" duration-ms="0" started-at="2017-11-29T14:31:49Z" finished-at="2017-11-29T14:31:49Z">
          <reporter-output>
          </reporter-output>
        </test-method> <!-- clearGroupAll -->
        <test-method status="FAIL" signature="closeBrowser()[pri:0, instance:localhost.testing.MultiInputs@15975490]" name="closeBrowser" is-config="true" duration-ms="0" started-at="2017-11-29T14:31:49Z" finished-at="2017-11-29T14:31:49Z">
          <exception class="java.lang.NullPointerException">
            <full-stacktrace>
              <![CDATA[java.lang.NullPointerException
	at localhost.testing.MultiInputs.closeBrowser(MultiInputs.java:195)
	at sun.reflect.NativeMethodAccessorImpl.invoke0(Native Method)
	at sun.reflect.NativeMethodAccessorImpl.invoke(NativeMethodAccessorImpl.java:62)
	at sun.reflect.DelegatingMethodAccessorImpl.invoke(DelegatingMethodAccessorImpl.java:43)
	at java.lang.reflect.Method.invoke(Method.java:498)
	at org.testng.internal.MethodInvocationHelper.invokeMethod(MethodInvocationHelper.java:104)
	at org.testng.internal.Invoker.invokeConfigurationMethod(Invoker.java:515)
	at org.testng.internal.Invoker.invokeConfigurations(Invoker.java:217)
	at org.testng.internal.Invoker.invokeConfigurations(Invoker.java:144)
	at org.testng.TestRunner.afterRun(TestRunner.java:983)
	at org.testng.TestRunner.run(TestRunner.java:614)
	at org.testng.SuiteRunner.runTest(SuiteRunner.java:387)
	at org.testng.SuiteRunner.runSequentially(SuiteRunner.java:382)
	at org.testng.SuiteRunner.privateRun(SuiteRunner.java:340)
	at org.testng.SuiteRunner.run(SuiteRunner.java:289)
	at org.testng.SuiteRunnerWorker.runSuite(SuiteRunnerWorker.java:52)
	at org.testng.SuiteRunnerWorker.run(SuiteRunnerWorker.java:86)
	at org.testng.TestNG.runSuitesSequentially(TestNG.java:1293)
	at org.testng.TestNG.runSuitesLocally(TestNG.java:1218)
	at org.testng.TestNG.runSuites(TestNG.java:1133)
	at org.testng.TestNG.run(TestNG.java:1104)
	at org.apache.maven.surefire.testng.TestNGExecutor.run(TestNGExecutor.java:283)
	at org.apache.maven.surefire.testng.TestNGXmlTestSuite.execute(TestNGXmlTestSuite.java:75)
	at org.apache.maven.surefire.testng.TestNGProvider.invoke(TestNGProvider.java:120)
	at org.apache.maven.surefire.booter.ForkedBooter.invokeProviderInSameClassLoader(ForkedBooter.java:386)
	at org.apache.maven.surefire.booter.ForkedBooter.runSuitesInProcess(ForkedBooter.java:323)
	at org.apache.maven.surefire.booter.ForkedBooter.main(ForkedBooter.java:143)
]]>
            </full-stacktrace>
          </exception> <!-- java.lang.NullPointerException -->
          <reporter-output>
          </reporter-output>
        </test-method> <!-- closeBrowser -->
      </class> <!-- localhost.testing.MultiInputs -->
    </test> <!-- Multiple Inputs -->
    <test name="Create Groups" duration-ms="11956" started-at="2017-11-29T22:31:49Z" finished-at="2017-11-29T22:32:01Z">
      <class name="localhost.testing.CreateGroups">
        <test-method status="PASS" signature="setup()[pri:0, instance:localhost.testing.CreateGroups@617c74e5]" name="setup" is-config="true" duration-ms="11949" started-at="2017-11-29T14:31:49Z" finished-at="2017-11-29T14:32:01Z">
          <reporter-output>
          </reporter-output>
        </test-method> <!-- setup -->
        <test-method status="PASS" signature="addWiredFixtures()[pri:0, instance:localhost.testing.CreateGroups@617c74e5]" name="addWiredFixtures" duration-ms="0" started-at="2017-11-29T14:32:01Z" finished-at="2017-11-29T14:32:01Z">
          <reporter-output>
          </reporter-output>
        </test-method> <!-- addWiredFixtures -->
        <test-method status="PASS" signature="createAllGroups()[pri:1, instance:localhost.testing.CreateGroups@617c74e5]" name="createAllGroups" duration-ms="4" started-at="2017-11-29T14:32:01Z" finished-at="2017-11-29T14:32:01Z">
          <reporter-output>
          </reporter-output>
        </test-method> <!-- createAllGroups -->
        <test-method status="PASS" signature="clearAllGroups()[pri:2, instance:localhost.testing.CreateGroups@617c74e5]" name="clearAllGroups" duration-ms="1" started-at="2017-11-29T14:32:01Z" finished-at="2017-11-29T14:32:01Z">
          <reporter-output>
          </reporter-output>
        </test-method> <!-- clearAllGroups -->
        <test-method status="PASS" signature="deleteAllFixtures()[pri:3, instance:localhost.testing.CreateGroups@617c74e5]" name="deleteAllFixtures" duration-ms="0" started-at="2017-11-29T14:32:01Z" finished-at="2017-11-29T14:32:01Z">
          <reporter-output>
          </reporter-output>
        </test-method> <!-- deleteAllFixtures -->
        <test-method status="FAIL" signature="closeBrowser()[pri:0, instance:localhost.testing.CreateGroups@617c74e5]" name="closeBrowser" is-config="true" duration-ms="0" started-at="2017-11-29T14:32:01Z" finished-at="2017-11-29T14:32:01Z">
          <exception class="java.lang.NullPointerException">
            <full-stacktrace>
              <![CDATA[java.lang.NullPointerException
	at localhost.testing.CreateGroups.closeBrowser(CreateGroups.java:205)
	at sun.reflect.NativeMethodAccessorImpl.invoke0(Native Method)
	at sun.reflect.NativeMethodAccessorImpl.invoke(NativeMethodAccessorImpl.java:62)
	at sun.reflect.DelegatingMethodAccessorImpl.invoke(DelegatingMethodAccessorImpl.java:43)
	at java.lang.reflect.Method.invoke(Method.java:498)
	at org.testng.internal.MethodInvocationHelper.invokeMethod(MethodInvocationHelper.java:104)
	at org.testng.internal.Invoker.invokeConfigurationMethod(Invoker.java:515)
	at org.testng.internal.Invoker.invokeConfigurations(Invoker.java:217)
	at org.testng.internal.Invoker.invokeConfigurations(Invoker.java:144)
	at org.testng.TestRunner.afterRun(TestRunner.java:983)
	at org.testng.TestRunner.run(TestRunner.java:614)
	at org.testng.SuiteRunner.runTest(SuiteRunner.java:387)
	at org.testng.SuiteRunner.runSequentially(SuiteRunner.java:382)
	at org.testng.SuiteRunner.privateRun(SuiteRunner.java:340)
	at org.testng.SuiteRunner.run(SuiteRunner.java:289)
	at org.testng.SuiteRunnerWorker.runSuite(SuiteRunnerWorker.java:52)
	at org.testng.SuiteRunnerWorker.run(SuiteRunnerWorker.java:86)
	at org.testng.TestNG.runSuitesSequentially(TestNG.java:1293)
	at org.testng.TestNG.runSuitesLocally(TestNG.java:1218)
	at org.testng.TestNG.runSuites(TestNG.java:1133)
	at org.testng.TestNG.run(TestNG.java:1104)
	at org.apache.maven.surefire.testng.TestNGExecutor.run(TestNGExecutor.java:283)
	at org.apache.maven.surefire.testng.TestNGXmlTestSuite.execute(TestNGXmlTestSuite.java:75)
	at org.apache.maven.surefire.testng.TestNGProvider.invoke(TestNGProvider.java:120)
	at org.apache.maven.surefire.booter.ForkedBooter.invokeProviderInSameClassLoader(ForkedBooter.java:386)
	at org.apache.maven.surefire.booter.ForkedBooter.runSuitesInProcess(ForkedBooter.java:323)
	at org.apache.maven.surefire.booter.ForkedBooter.main(ForkedBooter.java:143)
]]>
            </full-stacktrace>
          </exception> <!-- java.lang.NullPointerException -->
          <reporter-output>
          </reporter-output>
        </test-method> <!-- closeBrowser -->
      </class> <!-- localhost.testing.CreateGroups -->
    </test> <!-- Create Groups -->
    <test name="Create Scenes" duration-ms="11960" started-at="2017-11-29T22:32:01Z" finished-at="2017-11-29T22:32:13Z">
      <class name="localhost.testing.CreateScenes">
        <test-method status="PASS" signature="setup()[pri:0, instance:localhost.testing.CreateScenes@35fb3008]" name="setup" is-config="true" duration-ms="11955" started-at="2017-11-29T14:32:01Z" finished-at="2017-11-29T14:32:13Z">
          <reporter-output>
          </reporter-output>
        </test-method> <!-- setup -->
        <test-method status="PASS" signature="addWiredFixtures()[pri:0, instance:localhost.testing.CreateScenes@35fb3008]" name="addWiredFixtures" duration-ms="1" started-at="2017-11-29T14:32:13Z" finished-at="2017-11-29T14:32:13Z">
          <reporter-output>
          </reporter-output>
        </test-method> <!-- addWiredFixtures -->
        <test-method status="PASS" signature="createAllScenes()[pri:1, instance:localhost.testing.CreateScenes@35fb3008]" name="createAllScenes" duration-ms="2" started-at="2017-11-29T14:32:13Z" finished-at="2017-11-29T14:32:13Z">
          <reporter-output>
          </reporter-output>
        </test-method> <!-- createAllScenes -->
        <test-method status="PASS" signature="clearAllScenes()[pri:2, instance:localhost.testing.CreateScenes@35fb3008]" name="clearAllScenes" duration-ms="1" started-at="2017-11-29T14:32:13Z" finished-at="2017-11-29T14:32:13Z">
          <reporter-output>
          </reporter-output>
        </test-method> <!-- clearAllScenes -->
        <test-method status="PASS" signature="deleteAllFixtures()[pri:3, instance:localhost.testing.CreateScenes@35fb3008]" name="deleteAllFixtures" duration-ms="0" started-at="2017-11-29T14:32:13Z" finished-at="2017-11-29T14:32:13Z">
          <reporter-output>
          </reporter-output>
        </test-method> <!-- deleteAllFixtures -->
        <test-method status="FAIL" signature="closeBrowser()[pri:0, instance:localhost.testing.CreateScenes@35fb3008]" name="closeBrowser" is-config="true" duration-ms="0" started-at="2017-11-29T14:32:13Z" finished-at="2017-11-29T14:32:13Z">
          <exception class="java.lang.NullPointerException">
            <full-stacktrace>
              <![CDATA[java.lang.NullPointerException
	at localhost.testing.CreateScenes.closeBrowser(CreateScenes.java:216)
	at sun.reflect.NativeMethodAccessorImpl.invoke0(Native Method)
	at sun.reflect.NativeMethodAccessorImpl.invoke(NativeMethodAccessorImpl.java:62)
	at sun.reflect.DelegatingMethodAccessorImpl.invoke(DelegatingMethodAccessorImpl.java:43)
	at java.lang.reflect.Method.invoke(Method.java:498)
	at org.testng.internal.MethodInvocationHelper.invokeMethod(MethodInvocationHelper.java:104)
	at org.testng.internal.Invoker.invokeConfigurationMethod(Invoker.java:515)
	at org.testng.internal.Invoker.invokeConfigurations(Invoker.java:217)
	at org.testng.internal.Invoker.invokeConfigurations(Invoker.java:144)
	at org.testng.TestRunner.afterRun(TestRunner.java:983)
	at org.testng.TestRunner.run(TestRunner.java:614)
	at org.testng.SuiteRunner.runTest(SuiteRunner.java:387)
	at org.testng.SuiteRunner.runSequentially(SuiteRunner.java:382)
	at org.testng.SuiteRunner.privateRun(SuiteRunner.java:340)
	at org.testng.SuiteRunner.run(SuiteRunner.java:289)
	at org.testng.SuiteRunnerWorker.runSuite(SuiteRunnerWorker.java:52)
	at org.testng.SuiteRunnerWorker.run(SuiteRunnerWorker.java:86)
	at org.testng.TestNG.runSuitesSequentially(TestNG.java:1293)
	at org.testng.TestNG.runSuitesLocally(TestNG.java:1218)
	at org.testng.TestNG.runSuites(TestNG.java:1133)
	at org.testng.TestNG.run(TestNG.java:1104)
	at org.apache.maven.surefire.testng.TestNGExecutor.run(TestNGExecutor.java:283)
	at org.apache.maven.surefire.testng.TestNGXmlTestSuite.execute(TestNGXmlTestSuite.java:75)
	at org.apache.maven.surefire.testng.TestNGProvider.invoke(TestNGProvider.java:120)
	at org.apache.maven.surefire.booter.ForkedBooter.invokeProviderInSameClassLoader(ForkedBooter.java:386)
	at org.apache.maven.surefire.booter.ForkedBooter.runSuitesInProcess(ForkedBooter.java:323)
	at org.apache.maven.surefire.booter.ForkedBooter.main(ForkedBooter.java:143)
]]>
            </full-stacktrace>
          </exception> <!-- java.lang.NullPointerException -->
          <reporter-output>
          </reporter-output>
        </test-method> <!-- closeBrowser -->
      </class> <!-- localhost.testing.CreateScenes -->
    </test> <!-- Create Scenes -->
    <test name="Multiple Outputs" duration-ms="11985" started-at="2017-11-29T22:32:13Z" finished-at="2017-11-29T22:32:25Z">
      <class name="localhost.testing.MultiOutputs">
        <test-method status="PASS" signature="setup()[pri:0, instance:localhost.testing.MultiOutputs@52af6cff]" name="setup" is-config="true" duration-ms="11975" started-at="2017-11-29T14:32:13Z" finished-at="2017-11-29T14:32:25Z">
          <reporter-output>
          </reporter-output>
        </test-method> <!-- setup -->
        <test-method status="PASS" signature="checkAllFixtures()[pri:4, instance:localhost.testing.MultiOutputs@52af6cff]" name="checkAllFixtures" duration-ms="1" started-at="2017-11-29T14:32:25Z" finished-at="2017-11-29T14:32:25Z">
          <reporter-output>
          </reporter-output>
        </test-method> <!-- checkAllFixtures -->
        <test-method status="PASS" signature="addWiredFixtures()[pri:1, instance:localhost.testing.MultiOutputs@52af6cff]" name="addWiredFixtures" duration-ms="0" started-at="2017-11-29T14:32:25Z" finished-at="2017-11-29T14:32:25Z">
          <reporter-output>
          </reporter-output>
        </test-method> <!-- addWiredFixtures -->
        <test-method status="PASS" signature="changeFixtureIcon()[pri:5, instance:localhost.testing.MultiOutputs@52af6cff]" name="changeFixtureIcon" duration-ms="0" started-at="2017-11-29T14:32:25Z" finished-at="2017-11-29T14:32:25Z">
          <reporter-output>
          </reporter-output>
        </test-method> <!-- changeFixtureIcon -->
        <test-method status="PASS" signature="deleteAllFixtures()[pri:6, instance:localhost.testing.MultiOutputs@52af6cff]" name="deleteAllFixtures" duration-ms="6" started-at="2017-11-29T14:32:25Z" finished-at="2017-11-29T14:32:25Z">
          <reporter-output>
          </reporter-output>
        </test-method> <!-- deleteAllFixtures -->
        <test-method status="FAIL" signature="closeBrowser()[pri:0, instance:localhost.testing.MultiOutputs@52af6cff]" name="closeBrowser" is-config="true" duration-ms="0" started-at="2017-11-29T14:32:25Z" finished-at="2017-11-29T14:32:25Z">
          <exception class="java.lang.NullPointerException">
            <full-stacktrace>
              <![CDATA[java.lang.NullPointerException
	at localhost.testing.MultiOutputs.closeBrowser(MultiOutputs.java:342)
	at sun.reflect.NativeMethodAccessorImpl.invoke0(Native Method)
	at sun.reflect.NativeMethodAccessorImpl.invoke(NativeMethodAccessorImpl.java:62)
	at sun.reflect.DelegatingMethodAccessorImpl.invoke(DelegatingMethodAccessorImpl.java:43)
	at java.lang.reflect.Method.invoke(Method.java:498)
	at org.testng.internal.MethodInvocationHelper.invokeMethod(MethodInvocationHelper.java:104)
	at org.testng.internal.Invoker.invokeConfigurationMethod(Invoker.java:515)
	at org.testng.internal.Invoker.invokeConfigurations(Invoker.java:217)
	at org.testng.internal.Invoker.invokeConfigurations(Invoker.java:144)
	at org.testng.TestRunner.afterRun(TestRunner.java:983)
	at org.testng.TestRunner.run(TestRunner.java:614)
	at org.testng.SuiteRunner.runTest(SuiteRunner.java:387)
	at org.testng.SuiteRunner.runSequentially(SuiteRunner.java:382)
	at org.testng.SuiteRunner.privateRun(SuiteRunner.java:340)
	at org.testng.SuiteRunner.run(SuiteRunner.java:289)
	at org.testng.SuiteRunnerWorker.runSuite(SuiteRunnerWorker.java:52)
	at org.testng.SuiteRunnerWorker.run(SuiteRunnerWorker.java:86)
	at org.testng.TestNG.runSuitesSequentially(TestNG.java:1293)
	at org.testng.TestNG.runSuitesLocally(TestNG.java:1218)
	at org.testng.TestNG.runSuites(TestNG.java:1133)
	at org.testng.TestNG.run(TestNG.java:1104)
	at org.apache.maven.surefire.testng.TestNGExecutor.run(TestNGExecutor.java:283)
	at org.apache.maven.surefire.testng.TestNGXmlTestSuite.execute(TestNGXmlTestSuite.java:75)
	at org.apache.maven.surefire.testng.TestNGProvider.invoke(TestNGProvider.java:120)
	at org.apache.maven.surefire.booter.ForkedBooter.invokeProviderInSameClassLoader(ForkedBooter.java:386)
	at org.apache.maven.surefire.booter.ForkedBooter.runSuitesInProcess(ForkedBooter.java:323)
	at org.apache.maven.surefire.booter.ForkedBooter.main(ForkedBooter.java:143)
]]>
            </full-stacktrace>
          </exception> <!-- java.lang.NullPointerException -->
          <reporter-output>
          </reporter-output>
        </test-method> <!-- closeBrowser -->
      </class> <!-- localhost.testing.MultiOutputs -->
    </test> <!-- Multiple Outputs -->
    <test name="Create Schedule" duration-ms="11961" started-at="2017-11-29T22:32:25Z" finished-at="2017-11-29T22:32:37Z">
      <class name="localhost.testing.CreateSchedule">
        <test-method status="PASS" signature="setup()[pri:0, instance:localhost.testing.CreateSchedule@61dc03ce]" name="setup" is-config="true" duration-ms="11960" started-at="2017-11-29T14:32:25Z" finished-at="2017-11-29T14:32:37Z">
          <reporter-output>
          </reporter-output>
        </test-method> <!-- setup -->
        <test-method status="PASS" signature="deleteItems()[pri:0, instance:localhost.testing.CreateSchedule@61dc03ce]" name="deleteItems" duration-ms="0" started-at="2017-11-29T14:32:37Z" finished-at="2017-11-29T14:32:37Z">
          <reporter-output>
          </reporter-output>
        </test-method> <!-- deleteItems -->
        <test-method status="FAIL" signature="closeBrowser()[pri:0, instance:localhost.testing.CreateSchedule@61dc03ce]" name="closeBrowser" is-config="true" duration-ms="0" started-at="2017-11-29T14:32:37Z" finished-at="2017-11-29T14:32:37Z">
          <exception class="java.lang.NullPointerException">
            <full-stacktrace>
              <![CDATA[java.lang.NullPointerException
	at localhost.testing.CreateSchedule.closeBrowser(CreateSchedule.java:202)
	at sun.reflect.NativeMethodAccessorImpl.invoke0(Native Method)
	at sun.reflect.NativeMethodAccessorImpl.invoke(NativeMethodAccessorImpl.java:62)
	at sun.reflect.DelegatingMethodAccessorImpl.invoke(DelegatingMethodAccessorImpl.java:43)
	at java.lang.reflect.Method.invoke(Method.java:498)
	at org.testng.internal.MethodInvocationHelper.invokeMethod(MethodInvocationHelper.java:104)
	at org.testng.internal.Invoker.invokeConfigurationMethod(Invoker.java:515)
	at org.testng.internal.Invoker.invokeConfigurations(Invoker.java:217)
	at org.testng.internal.Invoker.invokeConfigurations(Invoker.java:144)
	at org.testng.TestRunner.afterRun(TestRunner.java:983)
	at org.testng.TestRunner.run(TestRunner.java:614)
	at org.testng.SuiteRunner.runTest(SuiteRunner.java:387)
	at org.testng.SuiteRunner.runSequentially(SuiteRunner.java:382)
	at org.testng.SuiteRunner.privateRun(SuiteRunner.java:340)
	at org.testng.SuiteRunner.run(SuiteRunner.java:289)
	at org.testng.SuiteRunnerWorker.runSuite(SuiteRunnerWorker.java:52)
	at org.testng.SuiteRunnerWorker.run(SuiteRunnerWorker.java:86)
	at org.testng.TestNG.runSuitesSequentially(TestNG.java:1293)
	at org.testng.TestNG.runSuitesLocally(TestNG.java:1218)
	at org.testng.TestNG.runSuites(TestNG.java:1133)
	at org.testng.TestNG.run(TestNG.java:1104)
	at org.apache.maven.surefire.testng.TestNGExecutor.run(TestNGExecutor.java:283)
	at org.apache.maven.surefire.testng.TestNGXmlTestSuite.execute(TestNGXmlTestSuite.java:75)
	at org.apache.maven.surefire.testng.TestNGProvider.invoke(TestNGProvider.java:120)
	at org.apache.maven.surefire.booter.ForkedBooter.invokeProviderInSameClassLoader(ForkedBooter.java:386)
	at org.apache.maven.surefire.booter.ForkedBooter.runSuitesInProcess(ForkedBooter.java:323)
	at org.apache.maven.surefire.booter.ForkedBooter.main(ForkedBooter.java:143)
]]>
            </full-stacktrace>
          </exception> <!-- java.lang.NullPointerException -->
          <reporter-output>
          </reporter-output>
        </test-method> <!-- closeBrowser -->
      </class> <!-- localhost.testing.CreateSchedule -->
    </test> <!-- Create Schedule -->
    <test name="Error Validation" duration-ms="6898" started-at="2017-11-29T22:32:37Z" finished-at="2017-11-29T22:32:44Z">
      <class name="localhost.testing.ErrorValidation">
        <test-method status="PASS" signature="setup()[pri:0, instance:localhost.testing.ErrorValidation@7f560810]" name="setup" is-config="true" duration-ms="6891" started-at="2017-11-29T14:32:37Z" finished-at="2017-11-29T14:32:44Z">
          <reporter-output>
          </reporter-output>
        </test-method> <!-- setup -->
        <test-method status="PASS" signature="siteZip()[pri:0, instance:localhost.testing.ErrorValidation@7f560810]" name="siteZip" duration-ms="1" started-at="2017-11-29T14:32:44Z" finished-at="2017-11-29T14:32:44Z">
          <reporter-output>
          </reporter-output>
        </test-method> <!-- siteZip -->
        <test-method status="PASS" signature="siteLat()[pri:1, instance:localhost.testing.ErrorValidation@7f560810]" name="siteLat" duration-ms="1" started-at="2017-11-29T14:32:44Z" finished-at="2017-11-29T14:32:44Z">
          <reporter-output>
          </reporter-output>
        </test-method> <!-- siteLat -->
        <test-method status="PASS" signature="siteLong()[pri:2, instance:localhost.testing.ErrorValidation@7f560810]" name="siteLong" duration-ms="0" started-at="2017-11-29T14:32:44Z" finished-at="2017-11-29T14:32:44Z">
          <reporter-output>
          </reporter-output>
        </test-method> <!-- siteLong -->
        <test-method status="PASS" signature="nodeName()[pri:3, instance:localhost.testing.ErrorValidation@7f560810]" name="nodeName" duration-ms="0" started-at="2017-11-29T14:32:44Z" finished-at="2017-11-29T14:32:44Z">
          <reporter-output>
          </reporter-output>
        </test-method> <!-- nodeName -->
        <test-method status="PASS" signature="fixtureName()[pri:4, instance:localhost.testing.ErrorValidation@7f560810]" name="fixtureName" duration-ms="1" started-at="2017-11-29T14:32:44Z" finished-at="2017-11-29T14:32:44Z">
          <reporter-output>
          </reporter-output>
        </test-method> <!-- fixtureName -->
        <test-method status="PASS" signature="levelinputName()[pri:6, instance:localhost.testing.ErrorValidation@7f560810]" name="levelinputName" duration-ms="1" started-at="2017-11-29T14:32:44Z" finished-at="2017-11-29T14:32:44Z">
          <reporter-output>
          </reporter-output>
        </test-method> <!-- levelinputName -->
        <test-method status="PASS" signature="contactinputName()[pri:5, instance:localhost.testing.ErrorValidation@7f560810]" name="contactinputName" duration-ms="0" started-at="2017-11-29T14:32:44Z" finished-at="2017-11-29T14:32:44Z">
          <reporter-output>
          </reporter-output>
        </test-method> <!-- contactinputName -->
        <test-method status="PASS" signature="sceneName()[pri:7, instance:localhost.testing.ErrorValidation@7f560810]" name="sceneName" duration-ms="1" started-at="2017-11-29T14:32:44Z" finished-at="2017-11-29T14:32:44Z">
          <reporter-output>
          </reporter-output>
        </test-method> <!-- sceneName -->
        <test-method status="PASS" signature="groupName()[pri:8, instance:localhost.testing.ErrorValidation@7f560810]" name="groupName" duration-ms="0" started-at="2017-11-29T14:32:44Z" finished-at="2017-11-29T14:32:44Z">
          <reporter-output>
          </reporter-output>
        </test-method> <!-- groupName -->
        <test-method status="PASS" signature="scenelistName()[pri:9, instance:localhost.testing.ErrorValidation@7f560810]" name="scenelistName" duration-ms="1" started-at="2017-11-29T14:32:44Z" finished-at="2017-11-29T14:32:44Z">
          <reporter-output>
          </reporter-output>
        </test-method> <!-- scenelistName -->
        <test-method status="FAIL" signature="closeBrowser()[pri:0, instance:localhost.testing.ErrorValidation@7f560810]" name="closeBrowser" is-config="true" duration-ms="0" started-at="2017-11-29T14:32:44Z" finished-at="2017-11-29T14:32:44Z">
          <exception class="java.lang.NullPointerException">
            <full-stacktrace>
              <![CDATA[java.lang.NullPointerException
	at localhost.testing.ErrorValidation.closeBrowser(ErrorValidation.java:594)
	at sun.reflect.NativeMethodAccessorImpl.invoke0(Native Method)
	at sun.reflect.NativeMethodAccessorImpl.invoke(NativeMethodAccessorImpl.java:62)
	at sun.reflect.DelegatingMethodAccessorImpl.invoke(DelegatingMethodAccessorImpl.java:43)
	at java.lang.reflect.Method.invoke(Method.java:498)
	at org.testng.internal.MethodInvocationHelper.invokeMethod(MethodInvocationHelper.java:104)
	at org.testng.internal.Invoker.invokeConfigurationMethod(Invoker.java:515)
	at org.testng.internal.Invoker.invokeConfigurations(Invoker.java:217)
	at org.testng.internal.Invoker.invokeConfigurations(Invoker.java:144)
	at org.testng.TestRunner.afterRun(TestRunner.java:983)
	at org.testng.TestRunner.run(TestRunner.java:614)
	at org.testng.SuiteRunner.runTest(SuiteRunner.java:387)
	at org.testng.SuiteRunner.runSequentially(SuiteRunner.java:382)
	at org.testng.SuiteRunner.privateRun(SuiteRunner.java:340)
	at org.testng.SuiteRunner.run(SuiteRunner.java:289)
	at org.testng.SuiteRunnerWorker.runSuite(SuiteRunnerWorker.java:52)
	at org.testng.SuiteRunnerWorker.run(SuiteRunnerWorker.java:86)
	at org.testng.TestNG.runSuitesSequentially(TestNG.java:1293)
	at org.testng.TestNG.runSuitesLocally(TestNG.java:1218)
	at org.testng.TestNG.runSuites(TestNG.java:1133)
	at org.testng.TestNG.run(TestNG.java:1104)
	at org.apache.maven.surefire.testng.TestNGExecutor.run(TestNGExecutor.java:283)
	at org.apache.maven.surefire.testng.TestNGXmlTestSuite.execute(TestNGXmlTestSuite.java:75)
	at org.apache.maven.surefire.testng.TestNGProvider.invoke(TestNGProvider.java:120)
	at org.apache.maven.surefire.booter.ForkedBooter.invokeProviderInSameClassLoader(ForkedBooter.java:386)
	at org.apache.maven.surefire.booter.ForkedBooter.runSuitesInProcess(ForkedBooter.java:323)
	at org.apache.maven.surefire.booter.ForkedBooter.main(ForkedBooter.java:143)
]]>
            </full-stacktrace>
          </exception> <!-- java.lang.NullPointerException -->
          <reporter-output>
          </reporter-output>
        </test-method> <!-- closeBrowser -->
      </class> <!-- localhost.testing.ErrorValidation -->
    </test> <!-- Error Validation -->
    <test name="WallStation" duration-ms="4857" started-at="2017-11-29T22:32:44Z" finished-at="2017-11-29T22:32:49Z">
      <class name="localhost.testing.WallStation">
        <test-method status="PASS" signature="setup()[pri:0, instance:localhost.testing.WallStation@39fb3ab6]" name="setup" is-config="true" duration-ms="4849" started-at="2017-11-29T14:32:44Z" finished-at="2017-11-29T14:32:49Z">
          <reporter-output>
          </reporter-output>
        </test-method> <!-- setup -->
        <test-method status="PASS" signature="addWiredFixtures()[pri:0, instance:localhost.testing.WallStation@39fb3ab6]" name="addWiredFixtures" duration-ms="0" started-at="2017-11-29T14:32:49Z" finished-at="2017-11-29T14:32:49Z">
          <reporter-output>
          </reporter-output>
        </test-method> <!-- addWiredFixtures -->
        <test-method status="PASS" signature="createAllScenes()[pri:1, instance:localhost.testing.WallStation@39fb3ab6]" name="createAllScenes" duration-ms="0" started-at="2017-11-29T14:32:49Z" finished-at="2017-11-29T14:32:49Z">
          <reporter-output>
          </reporter-output>
        </test-method> <!-- createAllScenes -->
        <test-method status="PASS" signature="createAllGroups()[pri:2, instance:localhost.testing.WallStation@39fb3ab6]" name="createAllGroups" duration-ms="0" started-at="2017-11-29T14:32:49Z" finished-at="2017-11-29T14:32:49Z">
          <reporter-output>
          </reporter-output>
        </test-method> <!-- createAllGroups -->
        <test-method status="PASS" signature="checkScenes()[pri:3, instance:localhost.testing.WallStation@39fb3ab6]" name="checkScenes" duration-ms="1" started-at="2017-11-29T14:32:49Z" finished-at="2017-11-29T14:32:49Z">
          <reporter-output>
          </reporter-output>
        </test-method> <!-- checkScenes -->
        <test-method status="PASS" signature="checkGroups()[pri:4, instance:localhost.testing.WallStation@39fb3ab6]" name="checkGroups" duration-ms="1" started-at="2017-11-29T14:32:49Z" finished-at="2017-11-29T14:32:49Z">
          <reporter-output>
          </reporter-output>
        </test-method> <!-- checkGroups -->
        <test-method status="PASS" signature="checkFixtures()[pri:5, instance:localhost.testing.WallStation@39fb3ab6]" name="checkFixtures" duration-ms="1" started-at="2017-11-29T14:32:49Z" finished-at="2017-11-29T14:32:49Z">
          <reporter-output>
          </reporter-output>
        </test-method> <!-- checkFixtures -->
        <test-method status="PASS" signature="deleteAllFixtures()[pri:6, instance:localhost.testing.WallStation@39fb3ab6]" name="deleteAllFixtures" duration-ms="0" started-at="2017-11-29T14:32:49Z" finished-at="2017-11-29T14:32:49Z">
          <reporter-output>
          </reporter-output>
        </test-method> <!-- deleteAllFixtures -->
        <test-method status="PASS" signature="clearAllScenes()[pri:7, instance:localhost.testing.WallStation@39fb3ab6]" name="clearAllScenes" duration-ms="1" started-at="2017-11-29T14:32:49Z" finished-at="2017-11-29T14:32:49Z">
          <reporter-output>
          </reporter-output>
        </test-method> <!-- clearAllScenes -->
        <test-method status="PASS" signature="clearAllGroups()[pri:8, instance:localhost.testing.WallStation@39fb3ab6]" name="clearAllGroups" duration-ms="1" started-at="2017-11-29T14:32:49Z" finished-at="2017-11-29T14:32:49Z">
          <reporter-output>
          </reporter-output>
        </test-method> <!-- clearAllGroups -->
        <test-method status="FAIL" signature="closeBrowser()[pri:0, instance:localhost.testing.WallStation@39fb3ab6]" name="closeBrowser" is-config="true" duration-ms="0" started-at="2017-11-29T14:32:49Z" finished-at="2017-11-29T14:32:49Z">
          <exception class="java.lang.NullPointerException">
            <full-stacktrace>
              <![CDATA[java.lang.NullPointerException
	at localhost.testing.WallStation.closeBrowser(WallStation.java:520)
	at sun.reflect.NativeMethodAccessorImpl.invoke0(Native Method)
	at sun.reflect.NativeMethodAccessorImpl.invoke(NativeMethodAccessorImpl.java:62)
	at sun.reflect.DelegatingMethodAccessorImpl.invoke(DelegatingMethodAccessorImpl.java:43)
	at java.lang.reflect.Method.invoke(Method.java:498)
	at org.testng.internal.MethodInvocationHelper.invokeMethod(MethodInvocationHelper.java:104)
	at org.testng.internal.Invoker.invokeConfigurationMethod(Invoker.java:515)
	at org.testng.internal.Invoker.invokeConfigurations(Invoker.java:217)
	at org.testng.internal.Invoker.invokeConfigurations(Invoker.java:144)
	at org.testng.TestRunner.afterRun(TestRunner.java:983)
	at org.testng.TestRunner.run(TestRunner.java:614)
	at org.testng.SuiteRunner.runTest(SuiteRunner.java:387)
	at org.testng.SuiteRunner.runSequentially(SuiteRunner.java:382)
	at org.testng.SuiteRunner.privateRun(SuiteRunner.java:340)
	at org.testng.SuiteRunner.run(SuiteRunner.java:289)
	at org.testng.SuiteRunnerWorker.runSuite(SuiteRunnerWorker.java:52)
	at org.testng.SuiteRunnerWorker.run(SuiteRunnerWorker.java:86)
	at org.testng.TestNG.runSuitesSequentially(TestNG.java:1293)
	at org.testng.TestNG.runSuitesLocally(TestNG.java:1218)
	at org.testng.TestNG.runSuites(TestNG.java:1133)
	at org.testng.TestNG.run(TestNG.java:1104)
	at org.apache.maven.surefire.testng.TestNGExecutor.run(TestNGExecutor.java:283)
	at org.apache.maven.surefire.testng.TestNGXmlTestSuite.execute(TestNGXmlTestSuite.java:75)
	at org.apache.maven.surefire.testng.TestNGProvider.invoke(TestNGProvider.java:120)
	at org.apache.maven.surefire.booter.ForkedBooter.invokeProviderInSameClassLoader(ForkedBooter.java:386)
	at org.apache.maven.surefire.booter.ForkedBooter.runSuitesInProcess(ForkedBooter.java:323)
	at org.apache.maven.surefire.booter.ForkedBooter.main(ForkedBooter.java:143)
]]>
            </full-stacktrace>
          </exception> <!-- java.lang.NullPointerException -->
          <reporter-output>
          </reporter-output>
        </test-method> <!-- closeBrowser -->
      </class> <!-- localhost.testing.WallStation -->
    </test> <!-- WallStation -->
  </suite> <!-- rPDG UI Suite -->
</testng-results>
