<?xml version="1.0" encoding="UTF-8"?>
<!-- Generated by org.testng.reporters.JUnitXMLReporter -->
<testsuite hostname="DESKTOP-0JEVNSK" ignored="0" name="Basic Navigation" tests="6" failures="0" timestamp="29 Nov 2017 22:53:06 GMT" time="14.809" errors="0">
  <testcase name="statusLinks" time="2.805" classname="localhost.testing.BasicNavigation"/>
  <testcase name="configurationLinks" time="2.842" classname="localhost.testing.BasicNavigation"/>
  <testcase name="overrideLinks" time="1.893" classname="localhost.testing.BasicNavigation"/>
  <testcase name="scheduleLinks" time="1.273" classname="localhost.testing.BasicNavigation"/>
  <testcase name="groupsLinks" time="0.903" classname="localhost.testing.BasicNavigation"/>
  <testcase name="scenelistsLinks" time="0.481" classname="localhost.testing.BasicNavigation"/>
</testsuite> <!-- Basic Navigation -->
