<?xml version="1.0" encoding="UTF-8"?>
<!-- Generated by org.testng.reporters.JUnitXMLReporter -->
<testsuite hostname="DESKTOP-0JEVNSK" ignored="0" name="Create Groups" tests="4" failures="0" timestamp="29 Nov 2017 22:54:26 GMT" time="31.542" errors="0">
  <testcase name="addWiredFixtures" time="6.384" classname="localhost.testing.CreateGroups"/>
  <testcase name="createAllGroups" time="9.617" classname="localhost.testing.CreateGroups"/>
  <testcase name="clearAllGroups" time="6.156" classname="localhost.testing.CreateGroups"/>
  <testcase name="deleteAllFixtures" time="5.318" classname="localhost.testing.CreateGroups"/>
</testsuite> <!-- Create Groups -->
