<?xml version="1.0" encoding="UTF-8"?>
<!-- Generated by org.testng.reporters.JUnitXMLReporter -->
<testsuite hostname="DESKTOP-0JEVNSK" ignored="0" name="Create Schedule" tests="1" failures="0" timestamp="29 Nov 2017 22:55:24 GMT" time="7.232" errors="0">
  <testcase name="@AfterTest closeBrowser" time="0.0" classname="localhost.testing.CreateSchedule">
    <failure type="java.lang.NullPointerException">
      <![CDATA[java.lang.NullPointerException
	at localhost.testing.CreateSchedule.closeBrowser(CreateSchedule.java:202)
... Removed 26 stack frames]]>
    </failure>
  </testcase> <!-- @AfterTest closeBrowser -->
  <testcase name="deleteItems" time="0.001" classname="localhost.testing.CreateSchedule"/>
</testsuite> <!-- Create Schedule -->
