<?xml version="1.0" encoding="UTF-8"?>
<!-- Generated by org.testng.reporters.JUnitXMLReporter -->
<testsuite hostname="DESKTOP-0JEVNSK" ignored="0" name="Create Scenes" tests="4" failures="0" timestamp="29 Nov 2017 22:55:01 GMT" time="35.23" errors="0">
  <testcase name="addWiredFixtures" time="6.334" classname="localhost.testing.CreateScenes"/>
  <testcase name="createAllScenes" time="13.715" classname="localhost.testing.CreateScenes"/>
  <testcase name="clearAllScenes" time="5.873" classname="localhost.testing.CreateScenes"/>
  <testcase name="deleteAllFixtures" time="5.251" classname="localhost.testing.CreateScenes"/>
</testsuite> <!-- Create Scenes -->
