<?xml version="1.0" encoding="UTF-8"?>
<!-- Generated by org.testng.reporters.JUnitXMLReporter -->
<testsuite hostname="DESKTOP-0JEVNSK" ignored="0" name="Error Validation" tests="10" failures="0" timestamp="29 Nov 2017 22:55:48 GMT" time="23.761" errors="0">
  <testcase name="siteZip" time="5.342" classname="localhost.testing.ErrorValidation"/>
  <testcase name="siteLat" time="5.473" classname="localhost.testing.ErrorValidation"/>
  <testcase name="siteLong" time="5.515" classname="localhost.testing.ErrorValidation"/>
  <testcase name="nodeName" time="0.338" classname="localhost.testing.ErrorValidation"/>
  <testcase name="fixtureName" time="0.342" classname="localhost.testing.ErrorValidation"/>
  <testcase name="contactinputName" time="0.343" classname="localhost.testing.ErrorValidation"/>
  <testcase name="levelinputName" time="0.333" classname="localhost.testing.ErrorValidation"/>
  <testcase name="sceneName" time="0.336" classname="localhost.testing.ErrorValidation"/>
  <testcase name="groupName" time="0.837" classname="localhost.testing.ErrorValidation"/>
  <testcase name="scenelistName" time="0.85" classname="localhost.testing.ErrorValidation"/>
</testsuite> <!-- Error Validation -->
