<?xml version="1.0" encoding="UTF-8"?>
<!-- Generated by org.testng.reporters.JUnitXMLReporter -->
<testsuite hostname="DESKTOP-0JEVNSK" ignored="0" name="Link Validation" tests="7" failures="0" timestamp="02 Nov 2017 22:29:22 GMT" time="6.592" errors="0">
  <testcase name="statusLinks" time="0.167" classname="localhost.testing.LinkValidation"/>
  <testcase name="configLinks" time="0.768" classname="localhost.testing.LinkValidation"/>
  <testcase name="overrideLinks" time="0.432" classname="localhost.testing.LinkValidation"/>
  <testcase name="scheduleLinks" time="0.357" classname="localhost.testing.LinkValidation"/>
  <testcase name="groupsLinks" time="0.231" classname="localhost.testing.LinkValidation"/>
  <testcase name="scenelistsLinks" time="0.239" classname="localhost.testing.LinkValidation"/>
  <testcase name="historyLinks" time="0.303" classname="localhost.testing.LinkValidation"/>
</testsuite> <!-- Link Validation -->
