<?xml version="1.0" encoding="UTF-8"?>
<!-- Generated by org.testng.reporters.JUnitXMLReporter -->
<testsuite hostname="DESKTOP-0JEVNSK" ignored="0" name="Max Outputs" tests="6" failures="0" timestamp="29 Nov 2017 22:53:41 GMT" time="34.2" errors="0">
  <testcase name="addWirelessDevices" time="3.26" classname="localhost.testing.MaxOutputs"/>
  <testcase name="addWiredFixtures" time="3.889" classname="localhost.testing.MaxOutputs"/>
  <testcase name="addWirelessFixtures" time="5.365" classname="localhost.testing.MaxOutputs"/>
  <testcase name="checkOutputs" time="2.075" classname="localhost.testing.MaxOutputs"/>
  <testcase name="deleteAllFixtures" time="12.009" classname="localhost.testing.MaxOutputs"/>
  <testcase name="deleteAllDevices" time="3.557" classname="localhost.testing.MaxOutputs"/>
</testsuite> <!-- Max Outputs -->
