<?xml version="1.0" encoding="UTF-8"?>
<!-- Generated by org.testng.reporters.JUnitXMLReporter -->
<testsuite hostname="DESKTOP-0JEVNSK" ignored="0" name="Multiple Outputs" tests="4" failures="0" timestamp="29 Nov 2017 22:55:17 GMT" time="15.784" errors="0">
  <testcase name="addWiredFixtures" time="7.055" classname="localhost.testing.MultiOutputs"/>
  <testcase name="checkAllFixtures" time="3.245" classname="localhost.testing.MultiOutputs"/>
  <testcase name="changeFixtureIcon" time="0.907" classname="localhost.testing.MultiOutputs"/>
  <testcase name="deleteAllFixtures" time="0.571" classname="localhost.testing.MultiOutputs"/>
</testsuite> <!-- Multiple Outputs -->
