<?xml version="1.0" encoding="UTF-8"?>
<!-- Generated by org.testng.reporters.JUnitXMLReporter -->
<testsuite hostname="DESKTOP-0JEVNSK" ignored="0" name="Multiple Inputs" tests="5" failures="1" timestamp="29 Nov 2017 22:53:55 GMT" time="13.879" errors="0">
  <testcase name="createGroupAll" time="0.72" classname="localhost.testing.MultiInputs"/>
  <testcase name="addWetDryContacts" time="4.947" classname="localhost.testing.MultiInputs"/>
  <testcase name="checkInputs" time="0.706" classname="localhost.testing.MultiInputs">
    <failure type="java.lang.AssertionError" message="expected [Occupancy_1] but found [Switch_1]">
      <![CDATA[java.lang.AssertionError: expected [Occupancy_1] but found [Switch_1]
	at localhost.testing.MultiInputs.checkInputs(MultiInputs.java:120)
... Removed 34 stack frames]]>
    </failure>
  </testcase> <!-- checkInputs -->
  <testcase name="clearInputs" time="2.536" classname="localhost.testing.MultiInputs"/>
  <testcase name="clearGroupAll" time="0.932" classname="localhost.testing.MultiInputs"/>
</testsuite> <!-- Multiple Inputs -->
