<?xml version="1.0" encoding="UTF-8"?>
<!-- Generated by org.testng.reporters.JUnitXMLReporter -->
<testsuite hostname="DESKTOP-0JEVNSK" ignored="0" name="WallStation" tests="9" failures="0" timestamp="29 Nov 2017 22:32:49 GMT" time="4.857" errors="0">
  <testcase name="@AfterTest closeBrowser" time="0.0" classname="localhost.testing.WallStation">
    <failure type="java.lang.NullPointerException">
      <![CDATA[java.lang.NullPointerException
	at localhost.testing.WallStation.closeBrowser(WallStation.java:520)
... Removed 26 stack frames]]>
    </failure>
  </testcase> <!-- @AfterTest closeBrowser -->
  <testcase name="addWiredFixtures" time="0.0" classname="localhost.testing.WallStation"/>
  <testcase name="createAllScenes" time="0.0" classname="localhost.testing.WallStation"/>
  <testcase name="createAllGroups" time="0.0" classname="localhost.testing.WallStation"/>
  <testcase name="checkScenes" time="0.001" classname="localhost.testing.WallStation"/>
  <testcase name="checkGroups" time="0.001" classname="localhost.testing.WallStation"/>
  <testcase name="checkFixtures" time="0.001" classname="localhost.testing.WallStation"/>
  <testcase name="deleteAllFixtures" time="0.0" classname="localhost.testing.WallStation"/>
  <testcase name="clearAllScenes" time="0.001" classname="localhost.testing.WallStation"/>
  <testcase name="clearAllGroups" time="0.001" classname="localhost.testing.WallStation"/>
</testsuite> <!-- WallStation -->
