<?xml version="1.0" encoding="UTF-8"?>
<testng-results skipped="0" failed="0" ignored="0" total="1" passed="1">
  <reporter-output>
  </reporter-output>
  <suite name="Default suite" duration-ms="12359" started-at="2017-12-05T19:20:18Z" finished-at="2017-12-05T19:20:30Z">
    <groups>
    </groups>
    <test name="Default test" duration-ms="12359" started-at="2017-12-05T19:20:18Z" finished-at="2017-12-05T19:20:30Z">
      <class name="localhost.testing.CreateSchedule">
        <test-method status="PASS" signature="setup()[pri:0, instance:localhost.testing.CreateSchedule@60c6f5b]" name="setup" is-config="true" duration-ms="3807" started-at="2017-12-05T11:20:18Z" finished-at="2017-12-05T11:20:22Z">
          <reporter-output>
          </reporter-output>
        </test-method> <!-- setup -->
        <test-method status="PASS" signature="deleteItems()[pri:0, instance:localhost.testing.CreateSchedule@60c6f5b]" name="deleteItems" duration-ms="7738" started-at="2017-12-05T11:20:22Z" finished-at="2017-12-05T11:20:29Z">
          <reporter-output>
          </reporter-output>
        </test-method> <!-- deleteItems -->
        <test-method status="PASS" signature="closeBrowser()[pri:0, instance:localhost.testing.CreateSchedule@60c6f5b]" name="closeBrowser" is-config="true" duration-ms="803" started-at="2017-12-05T11:20:29Z" finished-at="2017-12-05T11:20:30Z">
          <reporter-output>
          </reporter-output>
        </test-method> <!-- closeBrowser -->
      </class> <!-- localhost.testing.CreateSchedule -->
    </test> <!-- Default test -->
  </suite> <!-- Default suite -->
</testng-results>
